{"C:\\Users\\Dejan Bokonjic\\OneDrive - Univerza v Mariboru\\Namizje\\NALOGERIRS\\gazeProReact\\src\\App.css": {"path":"C:\\Users\\Dejan Bokonjic\\OneDrive - Univerza v Mariboru\\Namizje\\NALOGERIRS\\gazeProReact\\src\\App.css","statementMap":{},"fnMap":{},"branchMap":{},"s":{},"f":{},"b":{},"meta":{"lastBranch":0,"lastFunction":0,"lastStatement":0,"seen":{}}}
,"C:\\Users\\Dejan Bokonjic\\OneDrive - Univerza v Mariboru\\Namizje\\NALOGERIRS\\gazeProReact\\src\\App.tsx": {"path":"C:\\Users\\Dejan Bokonjic\\OneDrive - Univerza v Mariboru\\Namizje\\NALOGERIRS\\gazeProReact\\src\\App.tsx","statementMap":{"0":{"start":{"line":15,"column":30},"end":{"line":15,"column":null}},"1":{"start":{"line":19,"column":2},"end":{"line":78,"column":null}},"2":{"start":{"line":30,"column":12},"end":{"line":33,"column":null}},"3":{"start":{"line":41,"column":31},"end":{"line":41,"column":null}}},"fnMap":{"0":{"name":"App","decl":{"start":{"line":13,"column":9},"end":{"line":13,"column":15}},"loc":{"start":{"line":13,"column":15},"end":{"line":80,"column":null}},"line":13},"1":{"name":"(anonymous_1)","decl":{"start":{"line":29,"column":19},"end":{"line":29,"column":25}},"loc":{"start":{"line":29,"column":25},"end":{"line":34,"column":null}},"line":29},"2":{"name":"(anonymous_2)","decl":{"start":{"line":41,"column":25},"end":{"line":41,"column":31}},"loc":{"start":{"line":41,"column":31},"end":{"line":41,"column":null}},"line":41}},"branchMap":{"0":{"loc":{"start":{"line":31,"column":14},"end":{"line":33,"column":null}},"type":"cond-expr","locations":[{"start":{"line":32,"column":18},"end":{"line":32,"column":null}},{"start":{"line":33,"column":18},"end":{"line":33,"column":null}}],"line":31},"1":{"loc":{"start":{"line":42,"column":11},"end":{"line":42,"column":null}},"type":"cond-expr","locations":[{"start":{"line":42,"column":22},"end":{"line":42,"column":42}},{"start":{"line":42,"column":42},"end":{"line":42,"column":null}}],"line":42},"2":{"loc":{"start":{"line":44,"column":9},"end":{"line":47,"column":null}},"type":"binary-expr","locations":[{"start":{"line":44,"column":9},"end":{"line":44,"column":null}},{"start":{"line":45,"column":10},"end":{"line":47,"column":null}}],"line":44}},"s":{"0":6,"1":6,"2":1,"3":2},"f":{"0":6,"1":1,"2":2},"b":{"0":[0,1],"1":[1,5],"2":[6,1]},"meta":{"lastBranch":3,"lastFunction":3,"lastStatement":4,"seen":{"f:13:9:13:15":0,"s:15:30:15:Infinity":0,"s:19:2:78:Infinity":1,"f:29:19:29:25":1,"s:30:12:33:Infinity":2,"b:32:18:32:Infinity:33:18:33:Infinity":0,"f:41:25:41:31":2,"s:41:31:41:Infinity":3,"b:42:22:42:42:42:42:42:Infinity":1,"b:44:9:44:Infinity:45:10:47:Infinity":2}}}
,"C:\\Users\\Dejan Bokonjic\\OneDrive - Univerza v Mariboru\\Namizje\\NALOGERIRS\\gazeProReact\\src\\components\\InUseComponents\\ExtractButterflyTestData.tsx": {"path":"C:\\Users\\Dejan Bokonjic\\OneDrive - Univerza v Mariboru\\Namizje\\NALOGERIRS\\gazeProReact\\src\\components\\InUseComponents\\ExtractButterflyTestData.tsx","statementMap":{"0":{"start":{"line":3,"column":40},"end":{"line":269,"column":null}},"1":{"start":{"line":4,"column":19},"end":{"line":17,"column":null}},"2":{"start":{"line":19,"column":19},"end":{"line":19,"column":null}},"3":{"start":{"line":21,"column":4},"end":{"line":88,"column":null}},"4":{"start":{"line":22,"column":8},"end":{"line":26,"column":null}},"5":{"start":{"line":23,"column":12},"end":{"line":23,"column":null}},"6":{"start":{"line":24,"column":12},"end":{"line":24,"column":null}},"7":{"start":{"line":25,"column":12},"end":{"line":25,"column":null}},"8":{"start":{"line":28,"column":24},"end":{"line":28,"column":null}},"9":{"start":{"line":29,"column":26},"end":{"line":29,"column":null}},"10":{"start":{"line":30,"column":8},"end":{"line":30,"column":null}},"11":{"start":{"line":31,"column":8},"end":{"line":35,"column":null}},"12":{"start":{"line":32,"column":12},"end":{"line":32,"column":null}},"13":{"start":{"line":33,"column":12},"end":{"line":33,"column":null}},"14":{"start":{"line":34,"column":12},"end":{"line":34,"column":null}},"15":{"start":{"line":37,"column":29},"end":{"line":37,"column":null}},"16":{"start":{"line":38,"column":26},"end":{"line":38,"column":null}},"17":{"start":{"line":39,"column":8},"end":{"line":39,"column":null}},"18":{"start":{"line":40,"column":8},"end":{"line":42,"column":null}},"19":{"start":{"line":41,"column":12},"end":{"line":41,"column":null}},"20":{"start":{"line":44,"column":8},"end":{"line":47,"column":null}},"21":{"start":{"line":45,"column":12},"end":{"line":45,"column":null}},"22":{"start":{"line":46,"column":12},"end":{"line":46,"column":null}},"23":{"start":{"line":49,"column":27},"end":{"line":49,"column":null}},"24":{"start":{"line":51,"column":8},"end":{"line":87,"column":null}},"25":{"start":{"line":51,"column":28},"end":{"line":51,"column":31}},"26":{"start":{"line":52,"column":24},"end":{"line":52,"column":null}},"27":{"start":{"line":53,"column":12},"end":{"line":57,"column":null}},"28":{"start":{"line":54,"column":16},"end":{"line":54,"column":null}},"29":{"start":{"line":55,"column":16},"end":{"line":55,"column":null}},"30":{"start":{"line":56,"column":16},"end":{"line":56,"column":null}},"31":{"start":{"line":58,"column":29},"end":{"line":58,"column":null}},"32":{"start":{"line":59,"column":12},"end":{"line":63,"column":null}},"33":{"start":{"line":60,"column":16},"end":{"line":60,"column":null}},"34":{"start":{"line":61,"column":16},"end":{"line":61,"column":null}},"35":{"start":{"line":62,"column":16},"end":{"line":62,"column":null}},"36":{"start":{"line":65,"column":39},"end":{"line":65,"column":null}},"37":{"start":{"line":66,"column":12},"end":{"line":70,"column":null}},"38":{"start":{"line":67,"column":16},"end":{"line":67,"column":null}},"39":{"start":{"line":68,"column":16},"end":{"line":68,"column":null}},"40":{"start":{"line":69,"column":16},"end":{"line":69,"column":null}},"41":{"start":{"line":72,"column":12},"end":{"line":72,"column":null}},"42":{"start":{"line":74,"column":12},"end":{"line":86,"column":null}},"43":{"start":{"line":76,"column":20},"end":{"line":76,"column":null}},"44":{"start":{"line":77,"column":20},"end":{"line":77,"column":null}},"45":{"start":{"line":79,"column":20},"end":{"line":79,"column":null}},"46":{"start":{"line":80,"column":20},"end":{"line":80,"column":null}},"47":{"start":{"line":82,"column":20},"end":{"line":82,"column":null}},"48":{"start":{"line":83,"column":20},"end":{"line":83,"column":null}},"49":{"start":{"line":85,"column":20},"end":{"line":85,"column":null}},"50":{"start":{"line":90,"column":4},"end":{"line":263,"column":null}},"51":{"start":{"line":91,"column":8},"end":{"line":95,"column":null}},"52":{"start":{"line":92,"column":12},"end":{"line":92,"column":null}},"53":{"start":{"line":93,"column":12},"end":{"line":93,"column":null}},"54":{"start":{"line":94,"column":12},"end":{"line":94,"column":null}},"55":{"start":{"line":96,"column":26},"end":{"line":96,"column":null}},"56":{"start":{"line":97,"column":24},"end":{"line":97,"column":null}},"57":{"start":{"line":98,"column":26},"end":{"line":98,"column":null}},"58":{"start":{"line":99,"column":8},"end":{"line":99,"column":null}},"59":{"start":{"line":100,"column":8},"end":{"line":104,"column":null}},"60":{"start":{"line":101,"column":12},"end":{"line":101,"column":null}},"61":{"start":{"line":102,"column":12},"end":{"line":102,"column":null}},"62":{"start":{"line":103,"column":12},"end":{"line":103,"column":null}},"63":{"start":{"line":106,"column":31},"end":{"line":106,"column":null}},"64":{"start":{"line":108,"column":8},"end":{"line":111,"column":null}},"65":{"start":{"line":109,"column":35},"end":{"line":109,"column":null}},"66":{"start":{"line":110,"column":12},"end":{"line":110,"column":null}},"67":{"start":{"line":113,"column":8},"end":{"line":117,"column":null}},"68":{"start":{"line":115,"column":12},"end":{"line":115,"column":null}},"69":{"start":{"line":116,"column":12},"end":{"line":116,"column":null}},"70":{"start":{"line":118,"column":27},"end":{"line":118,"column":null}},"71":{"start":{"line":119,"column":8},"end":{"line":156,"column":null}},"72":{"start":{"line":119,"column":28},"end":{"line":119,"column":31}},"73":{"start":{"line":120,"column":24},"end":{"line":120,"column":null}},"74":{"start":{"line":121,"column":12},"end":{"line":125,"column":null}},"75":{"start":{"line":122,"column":16},"end":{"line":122,"column":null}},"76":{"start":{"line":123,"column":16},"end":{"line":123,"column":null}},"77":{"start":{"line":124,"column":16},"end":{"line":124,"column":null}},"78":{"start":{"line":127,"column":29},"end":{"line":127,"column":null}},"79":{"start":{"line":128,"column":12},"end":{"line":132,"column":null}},"80":{"start":{"line":129,"column":16},"end":{"line":129,"column":null}},"81":{"start":{"line":130,"column":16},"end":{"line":130,"column":null}},"82":{"start":{"line":131,"column":16},"end":{"line":131,"column":null}},"83":{"start":{"line":134,"column":41},"end":{"line":134,"column":null}},"84":{"start":{"line":135,"column":12},"end":{"line":139,"column":null}},"85":{"start":{"line":136,"column":16},"end":{"line":136,"column":null}},"86":{"start":{"line":137,"column":16},"end":{"line":137,"column":null}},"87":{"start":{"line":138,"column":12},"end":{"line":138,"column":null}},"88":{"start":{"line":141,"column":12},"end":{"line":141,"column":null}},"89":{"start":{"line":143,"column":12},"end":{"line":155,"column":null}},"90":{"start":{"line":145,"column":20},"end":{"line":145,"column":null}},"91":{"start":{"line":146,"column":20},"end":{"line":146,"column":null}},"92":{"start":{"line":148,"column":20},"end":{"line":148,"column":null}},"93":{"start":{"line":149,"column":20},"end":{"line":149,"column":null}},"94":{"start":{"line":151,"column":20},"end":{"line":151,"column":null}},"95":{"start":{"line":152,"column":20},"end":{"line":152,"column":null}},"96":{"start":{"line":154,"column":20},"end":{"line":154,"column":null}},"97":{"start":{"line":158,"column":30},"end":{"line":158,"column":null}},"98":{"start":{"line":160,"column":8},"end":{"line":163,"column":null}},"99":{"start":{"line":161,"column":35},"end":{"line":161,"column":null}},"100":{"start":{"line":162,"column":12},"end":{"line":162,"column":null}},"101":{"start":{"line":165,"column":8},"end":{"line":169,"column":null}},"102":{"start":{"line":167,"column":12},"end":{"line":167,"column":null}},"103":{"start":{"line":168,"column":12},"end":{"line":168,"column":null}},"104":{"start":{"line":171,"column":8},"end":{"line":209,"column":null}},"105":{"start":{"line":171,"column":28},"end":{"line":171,"column":31}},"106":{"start":{"line":172,"column":24},"end":{"line":172,"column":null}},"107":{"start":{"line":173,"column":12},"end":{"line":177,"column":null}},"108":{"start":{"line":174,"column":16},"end":{"line":174,"column":null}},"109":{"start":{"line":175,"column":16},"end":{"line":175,"column":null}},"110":{"start":{"line":176,"column":16},"end":{"line":176,"column":null}},"111":{"start":{"line":179,"column":29},"end":{"line":179,"column":null}},"112":{"start":{"line":180,"column":31},"end":{"line":180,"column":null}},"113":{"start":{"line":181,"column":12},"end":{"line":185,"column":null}},"114":{"start":{"line":182,"column":16},"end":{"line":182,"column":null}},"115":{"start":{"line":183,"column":16},"end":{"line":183,"column":null}},"116":{"start":{"line":184,"column":16},"end":{"line":184,"column":null}},"117":{"start":{"line":187,"column":40},"end":{"line":187,"column":null}},"118":{"start":{"line":188,"column":12},"end":{"line":192,"column":null}},"119":{"start":{"line":189,"column":16},"end":{"line":189,"column":null}},"120":{"start":{"line":190,"column":16},"end":{"line":190,"column":null}},"121":{"start":{"line":191,"column":17},"end":{"line":191,"column":null}},"122":{"start":{"line":194,"column":12},"end":{"line":194,"column":null}},"123":{"start":{"line":196,"column":12},"end":{"line":208,"column":null}},"124":{"start":{"line":198,"column":20},"end":{"line":198,"column":null}},"125":{"start":{"line":199,"column":20},"end":{"line":199,"column":null}},"126":{"start":{"line":201,"column":20},"end":{"line":201,"column":null}},"127":{"start":{"line":202,"column":20},"end":{"line":202,"column":null}},"128":{"start":{"line":204,"column":20},"end":{"line":204,"column":null}},"129":{"start":{"line":205,"column":20},"end":{"line":205,"column":null}},"130":{"start":{"line":207,"column":20},"end":{"line":207,"column":null}},"131":{"start":{"line":211,"column":23},"end":{"line":211,"column":null}},"132":{"start":{"line":213,"column":8},"end":{"line":216,"column":null}},"133":{"start":{"line":214,"column":35},"end":{"line":214,"column":null}},"134":{"start":{"line":215,"column":12},"end":{"line":215,"column":null}},"135":{"start":{"line":218,"column":8},"end":{"line":222,"column":null}},"136":{"start":{"line":220,"column":12},"end":{"line":220,"column":null}},"137":{"start":{"line":221,"column":12},"end":{"line":221,"column":null}},"138":{"start":{"line":224,"column":8},"end":{"line":262,"column":null}},"139":{"start":{"line":224,"column":28},"end":{"line":224,"column":31}},"140":{"start":{"line":225,"column":24},"end":{"line":225,"column":null}},"141":{"start":{"line":226,"column":12},"end":{"line":230,"column":null}},"142":{"start":{"line":227,"column":16},"end":{"line":227,"column":null}},"143":{"start":{"line":228,"column":16},"end":{"line":228,"column":null}},"144":{"start":{"line":229,"column":16},"end":{"line":229,"column":null}},"145":{"start":{"line":232,"column":29},"end":{"line":232,"column":null}},"146":{"start":{"line":233,"column":12},"end":{"line":237,"column":null}},"147":{"start":{"line":234,"column":16},"end":{"line":234,"column":null}},"148":{"start":{"line":235,"column":16},"end":{"line":235,"column":null}},"149":{"start":{"line":236,"column":16},"end":{"line":236,"column":null}},"150":{"start":{"line":239,"column":33},"end":{"line":239,"column":null}},"151":{"start":{"line":240,"column":31},"end":{"line":240,"column":null}},"152":{"start":{"line":241,"column":12},"end":{"line":245,"column":null}},"153":{"start":{"line":242,"column":16},"end":{"line":242,"column":null}},"154":{"start":{"line":243,"column":16},"end":{"line":243,"column":null}},"155":{"start":{"line":244,"column":16},"end":{"line":244,"column":null}},"156":{"start":{"line":247,"column":12},"end":{"line":247,"column":null}},"157":{"start":{"line":249,"column":12},"end":{"line":261,"column":null}},"158":{"start":{"line":251,"column":20},"end":{"line":251,"column":null}},"159":{"start":{"line":252,"column":20},"end":{"line":252,"column":null}},"160":{"start":{"line":254,"column":20},"end":{"line":254,"column":null}},"161":{"start":{"line":255,"column":20},"end":{"line":255,"column":null}},"162":{"start":{"line":257,"column":20},"end":{"line":257,"column":null}},"163":{"start":{"line":258,"column":20},"end":{"line":258,"column":null}},"164":{"start":{"line":260,"column":20},"end":{"line":260,"column":null}},"165":{"start":{"line":265,"column":4},"end":{"line":265,"column":null}},"166":{"start":{"line":267,"column":4},"end":{"line":267,"column":null}},"167":{"start":{"line":268,"column":4},"end":{"line":268,"column":null}}},"fnMap":{"0":{"name":"(anonymous_0)","decl":{"start":{"line":3,"column":40},"end":{"line":3,"column":41}},"loc":{"start":{"line":3,"column":52},"end":{"line":269,"column":null}},"line":3},"1":{"name":"(anonymous_1)","decl":{"start":{"line":21,"column":19},"end":{"line":21,"column":20}},"loc":{"start":{"line":21,"column":42},"end":{"line":88,"column":5}},"line":21},"2":{"name":"(anonymous_2)","decl":{"start":{"line":90,"column":19},"end":{"line":90,"column":20}},"loc":{"start":{"line":90,"column":42},"end":{"line":263,"column":5}},"line":90}},"branchMap":{"0":{"loc":{"start":{"line":22,"column":8},"end":{"line":26,"column":null}},"type":"if","locations":[{"start":{"line":22,"column":8},"end":{"line":26,"column":null}},{"start":{},"end":{}}],"line":22},"1":{"loc":{"start":{"line":22,"column":12},"end":{"line":22,"column":42}},"type":"binary-expr","locations":[{"start":{"line":22,"column":12},"end":{"line":22,"column":22}},{"start":{"line":22,"column":22},"end":{"line":22,"column":42}}],"line":22},"2":{"loc":{"start":{"line":29,"column":26},"end":{"line":29,"column":null}},"type":"binary-expr","locations":[{"start":{"line":29,"column":26},"end":{"line":29,"column":40}},{"start":{"line":29,"column":40},"end":{"line":29,"column":null}}],"line":29},"3":{"loc":{"start":{"line":31,"column":8},"end":{"line":35,"column":null}},"type":"if","locations":[{"start":{"line":31,"column":8},"end":{"line":35,"column":null}},{"start":{},"end":{}}],"line":31},"4":{"loc":{"start":{"line":31,"column":12},"end":{"line":31,"column":46}},"type":"binary-expr","locations":[{"start":{"line":31,"column":12},"end":{"line":31,"column":24}},{"start":{"line":31,"column":24},"end":{"line":31,"column":46}}],"line":31},"5":{"loc":{"start":{"line":40,"column":8},"end":{"line":42,"column":null}},"type":"if","locations":[{"start":{"line":40,"column":8},"end":{"line":42,"column":null}},{"start":{},"end":{}}],"line":40},"6":{"loc":{"start":{"line":40,"column":12},"end":{"line":40,"column":55}},"type":"binary-expr","locations":[{"start":{"line":40,"column":12},"end":{"line":40,"column":37}},{"start":{"line":40,"column":37},"end":{"line":40,"column":55}}],"line":40},"7":{"loc":{"start":{"line":44,"column":8},"end":{"line":47,"column":null}},"type":"if","locations":[{"start":{"line":44,"column":8},"end":{"line":47,"column":null}},{"start":{},"end":{}}],"line":44},"8":{"loc":{"start":{"line":53,"column":12},"end":{"line":57,"column":null}},"type":"if","locations":[{"start":{"line":53,"column":12},"end":{"line":57,"column":null}},{"start":{},"end":{}}],"line":53},"9":{"loc":{"start":{"line":53,"column":16},"end":{"line":53,"column":42}},"type":"binary-expr","locations":[{"start":{"line":53,"column":16},"end":{"line":53,"column":24}},{"start":{"line":53,"column":24},"end":{"line":53,"column":42}}],"line":53},"10":{"loc":{"start":{"line":59,"column":12},"end":{"line":63,"column":null}},"type":"if","locations":[{"start":{"line":59,"column":12},"end":{"line":63,"column":null}},{"start":{},"end":{}}],"line":59},"11":{"loc":{"start":{"line":66,"column":12},"end":{"line":70,"column":null}},"type":"if","locations":[{"start":{"line":66,"column":12},"end":{"line":70,"column":null}},{"start":{},"end":{}}],"line":66},"12":{"loc":{"start":{"line":74,"column":12},"end":{"line":86,"column":null}},"type":"switch","locations":[{"start":{"line":75,"column":16},"end":{"line":77,"column":null}},{"start":{"line":78,"column":16},"end":{"line":80,"column":null}},{"start":{"line":81,"column":16},"end":{"line":83,"column":null}},{"start":{"line":84,"column":16},"end":{"line":85,"column":null}}],"line":74},"13":{"loc":{"start":{"line":91,"column":8},"end":{"line":95,"column":null}},"type":"if","locations":[{"start":{"line":91,"column":8},"end":{"line":95,"column":null}},{"start":{},"end":{}}],"line":91},"14":{"loc":{"start":{"line":91,"column":12},"end":{"line":91,"column":42}},"type":"binary-expr","locations":[{"start":{"line":91,"column":12},"end":{"line":91,"column":22}},{"start":{"line":91,"column":22},"end":{"line":91,"column":42}}],"line":91},"15":{"loc":{"start":{"line":98,"column":26},"end":{"line":98,"column":null}},"type":"binary-expr","locations":[{"start":{"line":98,"column":26},"end":{"line":98,"column":40}},{"start":{"line":98,"column":40},"end":{"line":98,"column":null}}],"line":98},"16":{"loc":{"start":{"line":100,"column":8},"end":{"line":104,"column":null}},"type":"if","locations":[{"start":{"line":100,"column":8},"end":{"line":104,"column":null}},{"start":{},"end":{}}],"line":100},"17":{"loc":{"start":{"line":100,"column":12},"end":{"line":100,"column":46}},"type":"binary-expr","locations":[{"start":{"line":100,"column":12},"end":{"line":100,"column":24}},{"start":{"line":100,"column":24},"end":{"line":100,"column":46}}],"line":100},"18":{"loc":{"start":{"line":108,"column":8},"end":{"line":111,"column":null}},"type":"if","locations":[{"start":{"line":108,"column":8},"end":{"line":111,"column":null}},{"start":{},"end":{}}],"line":108},"19":{"loc":{"start":{"line":108,"column":12},"end":{"line":108,"column":57}},"type":"binary-expr","locations":[{"start":{"line":108,"column":12},"end":{"line":108,"column":39}},{"start":{"line":108,"column":39},"end":{"line":108,"column":57}}],"line":108},"20":{"loc":{"start":{"line":113,"column":8},"end":{"line":117,"column":null}},"type":"if","locations":[{"start":{"line":113,"column":8},"end":{"line":117,"column":null}},{"start":{},"end":{}}],"line":113},"21":{"loc":{"start":{"line":121,"column":12},"end":{"line":125,"column":null}},"type":"if","locations":[{"start":{"line":121,"column":12},"end":{"line":125,"column":null}},{"start":{},"end":{}}],"line":121},"22":{"loc":{"start":{"line":121,"column":16},"end":{"line":121,"column":42}},"type":"binary-expr","locations":[{"start":{"line":121,"column":16},"end":{"line":121,"column":24}},{"start":{"line":121,"column":24},"end":{"line":121,"column":42}}],"line":121},"23":{"loc":{"start":{"line":128,"column":12},"end":{"line":132,"column":null}},"type":"if","locations":[{"start":{"line":128,"column":12},"end":{"line":132,"column":null}},{"start":{},"end":{}}],"line":128},"24":{"loc":{"start":{"line":135,"column":12},"end":{"line":139,"column":null}},"type":"if","locations":[{"start":{"line":135,"column":12},"end":{"line":139,"column":null}},{"start":{},"end":{}}],"line":135},"25":{"loc":{"start":{"line":143,"column":12},"end":{"line":155,"column":null}},"type":"switch","locations":[{"start":{"line":144,"column":16},"end":{"line":146,"column":null}},{"start":{"line":147,"column":16},"end":{"line":149,"column":null}},{"start":{"line":150,"column":16},"end":{"line":152,"column":null}},{"start":{"line":153,"column":16},"end":{"line":154,"column":null}}],"line":143},"26":{"loc":{"start":{"line":160,"column":8},"end":{"line":163,"column":null}},"type":"if","locations":[{"start":{"line":160,"column":8},"end":{"line":163,"column":null}},{"start":{},"end":{}}],"line":160},"27":{"loc":{"start":{"line":160,"column":12},"end":{"line":160,"column":56}},"type":"binary-expr","locations":[{"start":{"line":160,"column":12},"end":{"line":160,"column":38}},{"start":{"line":160,"column":38},"end":{"line":160,"column":56}}],"line":160},"28":{"loc":{"start":{"line":165,"column":8},"end":{"line":169,"column":null}},"type":"if","locations":[{"start":{"line":165,"column":8},"end":{"line":169,"column":null}},{"start":{},"end":{}}],"line":165},"29":{"loc":{"start":{"line":173,"column":12},"end":{"line":177,"column":null}},"type":"if","locations":[{"start":{"line":173,"column":12},"end":{"line":177,"column":null}},{"start":{},"end":{}}],"line":173},"30":{"loc":{"start":{"line":173,"column":16},"end":{"line":173,"column":42}},"type":"binary-expr","locations":[{"start":{"line":173,"column":16},"end":{"line":173,"column":24}},{"start":{"line":173,"column":24},"end":{"line":173,"column":42}}],"line":173},"31":{"loc":{"start":{"line":181,"column":12},"end":{"line":185,"column":null}},"type":"if","locations":[{"start":{"line":181,"column":12},"end":{"line":185,"column":null}},{"start":{},"end":{}}],"line":181},"32":{"loc":{"start":{"line":188,"column":12},"end":{"line":192,"column":null}},"type":"if","locations":[{"start":{"line":188,"column":12},"end":{"line":192,"column":null}},{"start":{},"end":{}}],"line":188},"33":{"loc":{"start":{"line":196,"column":12},"end":{"line":208,"column":null}},"type":"switch","locations":[{"start":{"line":197,"column":16},"end":{"line":199,"column":null}},{"start":{"line":200,"column":16},"end":{"line":202,"column":null}},{"start":{"line":203,"column":16},"end":{"line":205,"column":null}},{"start":{"line":206,"column":16},"end":{"line":207,"column":null}}],"line":196},"34":{"loc":{"start":{"line":213,"column":8},"end":{"line":216,"column":null}},"type":"if","locations":[{"start":{"line":213,"column":8},"end":{"line":216,"column":null}},{"start":{},"end":{}}],"line":213},"35":{"loc":{"start":{"line":213,"column":12},"end":{"line":213,"column":49}},"type":"binary-expr","locations":[{"start":{"line":213,"column":12},"end":{"line":213,"column":31}},{"start":{"line":213,"column":31},"end":{"line":213,"column":49}}],"line":213},"36":{"loc":{"start":{"line":218,"column":8},"end":{"line":222,"column":null}},"type":"if","locations":[{"start":{"line":218,"column":8},"end":{"line":222,"column":null}},{"start":{},"end":{}}],"line":218},"37":{"loc":{"start":{"line":226,"column":12},"end":{"line":230,"column":null}},"type":"if","locations":[{"start":{"line":226,"column":12},"end":{"line":230,"column":null}},{"start":{},"end":{}}],"line":226},"38":{"loc":{"start":{"line":226,"column":16},"end":{"line":226,"column":42}},"type":"binary-expr","locations":[{"start":{"line":226,"column":16},"end":{"line":226,"column":24}},{"start":{"line":226,"column":24},"end":{"line":226,"column":42}}],"line":226},"39":{"loc":{"start":{"line":233,"column":12},"end":{"line":237,"column":null}},"type":"if","locations":[{"start":{"line":233,"column":12},"end":{"line":237,"column":null}},{"start":{},"end":{}}],"line":233},"40":{"loc":{"start":{"line":241,"column":12},"end":{"line":245,"column":null}},"type":"if","locations":[{"start":{"line":241,"column":12},"end":{"line":245,"column":null}},{"start":{},"end":{}}],"line":241},"41":{"loc":{"start":{"line":249,"column":12},"end":{"line":261,"column":null}},"type":"switch","locations":[{"start":{"line":250,"column":16},"end":{"line":252,"column":null}},{"start":{"line":253,"column":16},"end":{"line":255,"column":null}},{"start":{"line":256,"column":16},"end":{"line":258,"column":null}},{"start":{"line":259,"column":16},"end":{"line":260,"column":null}}],"line":249}},"s":{"0":1,"1":0,"2":0,"3":0,"4":0,"5":0,"6":0,"7":0,"8":0,"9":0,"10":0,"11":0,"12":0,"13":0,"14":0,"15":0,"16":0,"17":0,"18":0,"19":0,"20":0,"21":0,"22":0,"23":0,"24":0,"25":0,"26":0,"27":0,"28":0,"29":0,"30":0,"31":0,"32":0,"33":0,"34":0,"35":0,"36":0,"37":0,"38":0,"39":0,"40":0,"41":0,"42":0,"43":0,"44":0,"45":0,"46":0,"47":0,"48":0,"49":0,"50":0,"51":0,"52":0,"53":0,"54":0,"55":0,"56":0,"57":0,"58":0,"59":0,"60":0,"61":0,"62":0,"63":0,"64":0,"65":0,"66":0,"67":0,"68":0,"69":0,"70":0,"71":0,"72":0,"73":0,"74":0,"75":0,"76":0,"77":0,"78":0,"79":0,"80":0,"81":0,"82":0,"83":0,"84":0,"85":0,"86":0,"87":0,"88":0,"89":0,"90":0,"91":0,"92":0,"93":0,"94":0,"95":0,"96":0,"97":0,"98":0,"99":0,"100":0,"101":0,"102":0,"103":0,"104":0,"105":0,"106":0,"107":0,"108":0,"109":0,"110":0,"111":0,"112":0,"113":0,"114":0,"115":0,"116":0,"117":0,"118":0,"119":0,"120":0,"121":0,"122":0,"123":0,"124":0,"125":0,"126":0,"127":0,"128":0,"129":0,"130":0,"131":0,"132":0,"133":0,"134":0,"135":0,"136":0,"137":0,"138":0,"139":0,"140":0,"141":0,"142":0,"143":0,"144":0,"145":0,"146":0,"147":0,"148":0,"149":0,"150":0,"151":0,"152":0,"153":0,"154":0,"155":0,"156":0,"157":0,"158":0,"159":0,"160":0,"161":0,"162":0,"163":0,"164":0,"165":0,"166":0,"167":0},"f":{"0":0,"1":0,"2":0},"b":{"0":[0,0],"1":[0,0],"2":[0,0],"3":[0,0],"4":[0,0],"5":[0,0],"6":[0,0],"7":[0,0],"8":[0,0],"9":[0,0],"10":[0,0],"11":[0,0],"12":[0,0,0,0],"13":[0,0],"14":[0,0],"15":[0,0],"16":[0,0],"17":[0,0],"18":[0,0],"19":[0,0],"20":[0,0],"21":[0,0],"22":[0,0],"23":[0,0],"24":[0,0],"25":[0,0,0,0],"26":[0,0],"27":[0,0],"28":[0,0],"29":[0,0],"30":[0,0],"31":[0,0],"32":[0,0],"33":[0,0,0,0],"34":[0,0],"35":[0,0],"36":[0,0],"37":[0,0],"38":[0,0],"39":[0,0],"40":[0,0],"41":[0,0,0,0]},"meta":{"lastBranch":42,"lastFunction":3,"lastStatement":168,"seen":{"s:3:40:269:Infinity":0,"f:3:40:3:41":0,"s:4:19:17:Infinity":1,"s:19:19:19:Infinity":2,"s:21:4:88:Infinity":3,"f:21:19:21:20":1,"b:22:8:26:Infinity:undefined:undefined:undefined:undefined":0,"s:22:8:26:Infinity":4,"b:22:12:22:22:22:22:22:42":1,"s:23:12:23:Infinity":5,"s:24:12:24:Infinity":6,"s:25:12:25:Infinity":7,"s:28:24:28:Infinity":8,"s:29:26:29:Infinity":9,"b:29:26:29:40:29:40:29:Infinity":2,"s:30:8:30:Infinity":10,"b:31:8:35:Infinity:undefined:undefined:undefined:undefined":3,"s:31:8:35:Infinity":11,"b:31:12:31:24:31:24:31:46":4,"s:32:12:32:Infinity":12,"s:33:12:33:Infinity":13,"s:34:12:34:Infinity":14,"s:37:29:37:Infinity":15,"s:38:26:38:Infinity":16,"s:39:8:39:Infinity":17,"b:40:8:42:Infinity:undefined:undefined:undefined:undefined":5,"s:40:8:42:Infinity":18,"b:40:12:40:37:40:37:40:55":6,"s:41:12:41:Infinity":19,"b:44:8:47:Infinity:undefined:undefined:undefined:undefined":7,"s:44:8:47:Infinity":20,"s:45:12:45:Infinity":21,"s:46:12:46:Infinity":22,"s:49:27:49:Infinity":23,"s:51:8:87:Infinity":24,"s:51:28:51:31":25,"s:52:24:52:Infinity":26,"b:53:12:57:Infinity:undefined:undefined:undefined:undefined":8,"s:53:12:57:Infinity":27,"b:53:16:53:24:53:24:53:42":9,"s:54:16:54:Infinity":28,"s:55:16:55:Infinity":29,"s:56:16:56:Infinity":30,"s:58:29:58:Infinity":31,"b:59:12:63:Infinity:undefined:undefined:undefined:undefined":10,"s:59:12:63:Infinity":32,"s:60:16:60:Infinity":33,"s:61:16:61:Infinity":34,"s:62:16:62:Infinity":35,"s:65:39:65:Infinity":36,"b:66:12:70:Infinity:undefined:undefined:undefined:undefined":11,"s:66:12:70:Infinity":37,"s:67:16:67:Infinity":38,"s:68:16:68:Infinity":39,"s:69:16:69:Infinity":40,"s:72:12:72:Infinity":41,"b:75:16:77:Infinity:78:16:80:Infinity:81:16:83:Infinity:84:16:85:Infinity":12,"s:74:12:86:Infinity":42,"s:76:20:76:Infinity":43,"s:77:20:77:Infinity":44,"s:79:20:79:Infinity":45,"s:80:20:80:Infinity":46,"s:82:20:82:Infinity":47,"s:83:20:83:Infinity":48,"s:85:20:85:Infinity":49,"s:90:4:263:Infinity":50,"f:90:19:90:20":2,"b:91:8:95:Infinity:undefined:undefined:undefined:undefined":13,"s:91:8:95:Infinity":51,"b:91:12:91:22:91:22:91:42":14,"s:92:12:92:Infinity":52,"s:93:12:93:Infinity":53,"s:94:12:94:Infinity":54,"s:96:26:96:Infinity":55,"s:97:24:97:Infinity":56,"s:98:26:98:Infinity":57,"b:98:26:98:40:98:40:98:Infinity":15,"s:99:8:99:Infinity":58,"b:100:8:104:Infinity:undefined:undefined:undefined:undefined":16,"s:100:8:104:Infinity":59,"b:100:12:100:24:100:24:100:46":17,"s:101:12:101:Infinity":60,"s:102:12:102:Infinity":61,"s:103:12:103:Infinity":62,"s:106:31:106:Infinity":63,"b:108:8:111:Infinity:undefined:undefined:undefined:undefined":18,"s:108:8:111:Infinity":64,"b:108:12:108:39:108:39:108:57":19,"s:109:35:109:Infinity":65,"s:110:12:110:Infinity":66,"b:113:8:117:Infinity:undefined:undefined:undefined:undefined":20,"s:113:8:117:Infinity":67,"s:115:12:115:Infinity":68,"s:116:12:116:Infinity":69,"s:118:27:118:Infinity":70,"s:119:8:156:Infinity":71,"s:119:28:119:31":72,"s:120:24:120:Infinity":73,"b:121:12:125:Infinity:undefined:undefined:undefined:undefined":21,"s:121:12:125:Infinity":74,"b:121:16:121:24:121:24:121:42":22,"s:122:16:122:Infinity":75,"s:123:16:123:Infinity":76,"s:124:16:124:Infinity":77,"s:127:29:127:Infinity":78,"b:128:12:132:Infinity:undefined:undefined:undefined:undefined":23,"s:128:12:132:Infinity":79,"s:129:16:129:Infinity":80,"s:130:16:130:Infinity":81,"s:131:16:131:Infinity":82,"s:134:41:134:Infinity":83,"b:135:12:139:Infinity:undefined:undefined:undefined:undefined":24,"s:135:12:139:Infinity":84,"s:136:16:136:Infinity":85,"s:137:16:137:Infinity":86,"s:138:12:138:Infinity":87,"s:141:12:141:Infinity":88,"b:144:16:146:Infinity:147:16:149:Infinity:150:16:152:Infinity:153:16:154:Infinity":25,"s:143:12:155:Infinity":89,"s:145:20:145:Infinity":90,"s:146:20:146:Infinity":91,"s:148:20:148:Infinity":92,"s:149:20:149:Infinity":93,"s:151:20:151:Infinity":94,"s:152:20:152:Infinity":95,"s:154:20:154:Infinity":96,"s:158:30:158:Infinity":97,"b:160:8:163:Infinity:undefined:undefined:undefined:undefined":26,"s:160:8:163:Infinity":98,"b:160:12:160:38:160:38:160:56":27,"s:161:35:161:Infinity":99,"s:162:12:162:Infinity":100,"b:165:8:169:Infinity:undefined:undefined:undefined:undefined":28,"s:165:8:169:Infinity":101,"s:167:12:167:Infinity":102,"s:168:12:168:Infinity":103,"s:171:8:209:Infinity":104,"s:171:28:171:31":105,"s:172:24:172:Infinity":106,"b:173:12:177:Infinity:undefined:undefined:undefined:undefined":29,"s:173:12:177:Infinity":107,"b:173:16:173:24:173:24:173:42":30,"s:174:16:174:Infinity":108,"s:175:16:175:Infinity":109,"s:176:16:176:Infinity":110,"s:179:29:179:Infinity":111,"s:180:31:180:Infinity":112,"b:181:12:185:Infinity:undefined:undefined:undefined:undefined":31,"s:181:12:185:Infinity":113,"s:182:16:182:Infinity":114,"s:183:16:183:Infinity":115,"s:184:16:184:Infinity":116,"s:187:40:187:Infinity":117,"b:188:12:192:Infinity:undefined:undefined:undefined:undefined":32,"s:188:12:192:Infinity":118,"s:189:16:189:Infinity":119,"s:190:16:190:Infinity":120,"s:191:17:191:Infinity":121,"s:194:12:194:Infinity":122,"b:197:16:199:Infinity:200:16:202:Infinity:203:16:205:Infinity:206:16:207:Infinity":33,"s:196:12:208:Infinity":123,"s:198:20:198:Infinity":124,"s:199:20:199:Infinity":125,"s:201:20:201:Infinity":126,"s:202:20:202:Infinity":127,"s:204:20:204:Infinity":128,"s:205:20:205:Infinity":129,"s:207:20:207:Infinity":130,"s:211:23:211:Infinity":131,"b:213:8:216:Infinity:undefined:undefined:undefined:undefined":34,"s:213:8:216:Infinity":132,"b:213:12:213:31:213:31:213:49":35,"s:214:35:214:Infinity":133,"s:215:12:215:Infinity":134,"b:218:8:222:Infinity:undefined:undefined:undefined:undefined":36,"s:218:8:222:Infinity":135,"s:220:12:220:Infinity":136,"s:221:12:221:Infinity":137,"s:224:8:262:Infinity":138,"s:224:28:224:31":139,"s:225:24:225:Infinity":140,"b:226:12:230:Infinity:undefined:undefined:undefined:undefined":37,"s:226:12:230:Infinity":141,"b:226:16:226:24:226:24:226:42":38,"s:227:16:227:Infinity":142,"s:228:16:228:Infinity":143,"s:229:16:229:Infinity":144,"s:232:29:232:Infinity":145,"b:233:12:237:Infinity:undefined:undefined:undefined:undefined":39,"s:233:12:237:Infinity":146,"s:234:16:234:Infinity":147,"s:235:16:235:Infinity":148,"s:236:16:236:Infinity":149,"s:239:33:239:Infinity":150,"s:240:31:240:Infinity":151,"b:241:12:245:Infinity:undefined:undefined:undefined:undefined":40,"s:241:12:245:Infinity":152,"s:242:16:242:Infinity":153,"s:243:16:243:Infinity":154,"s:244:16:244:Infinity":155,"s:247:12:247:Infinity":156,"b:250:16:252:Infinity:253:16:255:Infinity:256:16:258:Infinity:259:16:260:Infinity":41,"s:249:12:261:Infinity":157,"s:251:20:251:Infinity":158,"s:252:20:252:Infinity":159,"s:254:20:254:Infinity":160,"s:255:20:255:Infinity":161,"s:257:20:257:Infinity":162,"s:258:20:258:Infinity":163,"s:260:20:260:Infinity":164,"s:265:4:265:Infinity":165,"s:267:4:267:Infinity":166,"s:268:4:268:Infinity":167}}}
,"C:\\Users\\Dejan Bokonjic\\OneDrive - Univerza v Mariboru\\Namizje\\NALOGERIRS\\gazeProReact\\src\\components\\InUseComponents\\ExtractButterflyTestDataPdfTwo.tsx": {"path":"C:\\Users\\Dejan Bokonjic\\OneDrive - Univerza v Mariboru\\Namizje\\NALOGERIRS\\gazeProReact\\src\\components\\InUseComponents\\ExtractButterflyTestDataPdfTwo.tsx","statementMap":{"0":{"start":{"line":3,"column":46},"end":{"line":215,"column":null}},"1":{"start":{"line":4,"column":19},"end":{"line":17,"column":null}},"2":{"start":{"line":19,"column":19},"end":{"line":19,"column":null}},"3":{"start":{"line":21,"column":4},"end":{"line":99,"column":null}},"4":{"start":{"line":22,"column":8},"end":{"line":26,"column":null}},"5":{"start":{"line":23,"column":12},"end":{"line":23,"column":null}},"6":{"start":{"line":24,"column":12},"end":{"line":24,"column":null}},"7":{"start":{"line":25,"column":12},"end":{"line":25,"column":null}},"8":{"start":{"line":28,"column":24},"end":{"line":28,"column":null}},"9":{"start":{"line":29,"column":8},"end":{"line":29,"column":null}},"10":{"start":{"line":30,"column":26},"end":{"line":30,"column":null}},"11":{"start":{"line":31,"column":8},"end":{"line":31,"column":null}},"12":{"start":{"line":32,"column":8},"end":{"line":36,"column":null}},"13":{"start":{"line":33,"column":12},"end":{"line":33,"column":null}},"14":{"start":{"line":34,"column":12},"end":{"line":34,"column":null}},"15":{"start":{"line":35,"column":12},"end":{"line":35,"column":null}},"16":{"start":{"line":44,"column":8},"end":{"line":47,"column":null}},"17":{"start":{"line":44,"column":36},"end":{"line":44,"column":102}},"18":{"start":{"line":45,"column":12},"end":{"line":45,"column":null}},"19":{"start":{"line":46,"column":12},"end":{"line":46,"column":null}},"20":{"start":{"line":56,"column":26},"end":{"line":56,"column":null}},"21":{"start":{"line":57,"column":8},"end":{"line":57,"column":null}},"22":{"start":{"line":58,"column":8},"end":{"line":62,"column":null}},"23":{"start":{"line":59,"column":12},"end":{"line":59,"column":null}},"24":{"start":{"line":60,"column":12},"end":{"line":60,"column":null}},"25":{"start":{"line":61,"column":12},"end":{"line":61,"column":null}},"26":{"start":{"line":65,"column":26},"end":{"line":65,"column":null}},"27":{"start":{"line":66,"column":28},"end":{"line":66,"column":null}},"28":{"start":{"line":67,"column":31},"end":{"line":67,"column":null}},"29":{"start":{"line":69,"column":8},"end":{"line":72,"column":null}},"30":{"start":{"line":70,"column":12},"end":{"line":70,"column":null}},"31":{"start":{"line":71,"column":12},"end":{"line":71,"column":null}},"32":{"start":{"line":74,"column":8},"end":{"line":98,"column":null}},"33":{"start":{"line":74,"column":28},"end":{"line":74,"column":31}},"34":{"start":{"line":75,"column":24},"end":{"line":75,"column":null}},"35":{"start":{"line":76,"column":12},"end":{"line":80,"column":null}},"36":{"start":{"line":77,"column":16},"end":{"line":77,"column":null}},"37":{"start":{"line":78,"column":16},"end":{"line":78,"column":null}},"38":{"start":{"line":79,"column":16},"end":{"line":79,"column":null}},"39":{"start":{"line":82,"column":30},"end":{"line":82,"column":null}},"40":{"start":{"line":83,"column":32},"end":{"line":83,"column":null}},"41":{"start":{"line":84,"column":35},"end":{"line":84,"column":null}},"42":{"start":{"line":86,"column":12},"end":{"line":91,"column":null}},"43":{"start":{"line":87,"column":35},"end":{"line":87,"column":null}},"44":{"start":{"line":88,"column":16},"end":{"line":88,"column":null}},"45":{"start":{"line":89,"column":16},"end":{"line":89,"column":null}},"46":{"start":{"line":90,"column":16},"end":{"line":90,"column":null}},"47":{"start":{"line":93,"column":12},"end":{"line":93,"column":null}},"48":{"start":{"line":95,"column":12},"end":{"line":95,"column":null}},"49":{"start":{"line":96,"column":12},"end":{"line":96,"column":null}},"50":{"start":{"line":97,"column":12},"end":{"line":97,"column":null}},"51":{"start":{"line":101,"column":4},"end":{"line":212,"column":null}},"52":{"start":{"line":102,"column":8},"end":{"line":105,"column":null}},"53":{"start":{"line":103,"column":12},"end":{"line":103,"column":null}},"54":{"start":{"line":104,"column":12},"end":{"line":104,"column":null}},"55":{"start":{"line":107,"column":24},"end":{"line":107,"column":null}},"56":{"start":{"line":108,"column":26},"end":{"line":108,"column":null}},"57":{"start":{"line":109,"column":8},"end":{"line":112,"column":null}},"58":{"start":{"line":110,"column":12},"end":{"line":110,"column":null}},"59":{"start":{"line":111,"column":12},"end":{"line":111,"column":null}},"60":{"start":{"line":114,"column":26},"end":{"line":114,"column":null}},"61":{"start":{"line":115,"column":8},"end":{"line":118,"column":null}},"62":{"start":{"line":116,"column":12},"end":{"line":116,"column":null}},"63":{"start":{"line":117,"column":12},"end":{"line":117,"column":null}},"64":{"start":{"line":121,"column":8},"end":{"line":123,"column":null}},"65":{"start":{"line":121,"column":36},"end":{"line":121,"column":106}},"66":{"start":{"line":122,"column":12},"end":{"line":122,"column":null}},"67":{"start":{"line":129,"column":26},"end":{"line":129,"column":null}},"68":{"start":{"line":130,"column":28},"end":{"line":130,"column":null}},"69":{"start":{"line":131,"column":31},"end":{"line":131,"column":null}},"70":{"start":{"line":133,"column":8},"end":{"line":135,"column":null}},"71":{"start":{"line":134,"column":12},"end":{"line":134,"column":null}},"72":{"start":{"line":138,"column":8},"end":{"line":211,"column":null}},"73":{"start":{"line":138,"column":28},"end":{"line":138,"column":31}},"74":{"start":{"line":139,"column":24},"end":{"line":139,"column":null}},"75":{"start":{"line":140,"column":12},"end":{"line":143,"column":null}},"76":{"start":{"line":141,"column":16},"end":{"line":141,"column":null}},"77":{"start":{"line":142,"column":16},"end":{"line":142,"column":null}},"78":{"start":{"line":145,"column":30},"end":{"line":145,"column":null}},"79":{"start":{"line":146,"column":32},"end":{"line":146,"column":null}},"80":{"start":{"line":147,"column":35},"end":{"line":147,"column":null}},"81":{"start":{"line":150,"column":37},"end":{"line":150,"column":null}},"82":{"start":{"line":151,"column":39},"end":{"line":151,"column":null}},"83":{"start":{"line":152,"column":42},"end":{"line":152,"column":null}},"84":{"start":{"line":154,"column":37},"end":{"line":154,"column":null}},"85":{"start":{"line":156,"column":12},"end":{"line":174,"column":null}},"86":{"start":{"line":161,"column":16},"end":{"line":163,"column":null}},"87":{"start":{"line":162,"column":20},"end":{"line":162,"column":null}},"88":{"start":{"line":164,"column":16},"end":{"line":166,"column":null}},"89":{"start":{"line":165,"column":20},"end":{"line":165,"column":null}},"90":{"start":{"line":167,"column":16},"end":{"line":169,"column":null}},"91":{"start":{"line":168,"column":20},"end":{"line":168,"column":null}},"92":{"start":{"line":171,"column":35},"end":{"line":171,"column":null}},"93":{"start":{"line":172,"column":16},"end":{"line":172,"column":null}},"94":{"start":{"line":173,"column":16},"end":{"line":173,"column":null}},"95":{"start":{"line":177,"column":35},"end":{"line":177,"column":null}},"96":{"start":{"line":178,"column":34},"end":{"line":178,"column":null}},"97":{"start":{"line":180,"column":25},"end":{"line":180,"column":null}},"98":{"start":{"line":182,"column":12},"end":{"line":189,"column":null}},"99":{"start":{"line":182,"column":25},"end":{"line":182,"column":40}},"100":{"start":{"line":183,"column":16},"end":{"line":187,"column":null}},"101":{"start":{"line":184,"column":20},"end":{"line":184,"column":null}},"102":{"start":{"line":185,"column":16},"end":{"line":187,"column":null}},"103":{"start":{"line":186,"column":20},"end":{"line":186,"column":null}},"104":{"start":{"line":188,"column":16},"end":{"line":188,"column":null}},"105":{"start":{"line":188,"column":83},"end":{"line":188,"column":null}},"106":{"start":{"line":192,"column":12},"end":{"line":195,"column":null}},"107":{"start":{"line":193,"column":16},"end":{"line":193,"column":null}},"108":{"start":{"line":194,"column":16},"end":{"line":194,"column":null}},"109":{"start":{"line":198,"column":34},"end":{"line":198,"column":null}},"110":{"start":{"line":198,"column":52},"end":{"line":198,"column":null}},"111":{"start":{"line":198,"column":73},"end":{"line":198,"column":95}},"112":{"start":{"line":198,"column":113},"end":{"line":198,"column":126}},"113":{"start":{"line":200,"column":36},"end":{"line":200,"column":null}},"114":{"start":{"line":201,"column":35},"end":{"line":201,"column":null}},"115":{"start":{"line":203,"column":12},"end":{"line":210,"column":null}},"116":{"start":{"line":204,"column":16},"end":{"line":204,"column":null}},"117":{"start":{"line":205,"column":16},"end":{"line":205,"column":null}},"118":{"start":{"line":206,"column":16},"end":{"line":206,"column":null}},"119":{"start":{"line":207,"column":16},"end":{"line":207,"column":null}},"120":{"start":{"line":208,"column":16},"end":{"line":208,"column":null}},"121":{"start":{"line":209,"column":16},"end":{"line":209,"column":null}},"122":{"start":{"line":213,"column":8},"end":{"line":213,"column":null}},"123":{"start":{"line":214,"column":8},"end":{"line":214,"column":null}}},"fnMap":{"0":{"name":"(anonymous_0)","decl":{"start":{"line":3,"column":46},"end":{"line":3,"column":47}},"loc":{"start":{"line":3,"column":58},"end":{"line":215,"column":null}},"line":3},"1":{"name":"(anonymous_1)","decl":{"start":{"line":21,"column":19},"end":{"line":21,"column":20}},"loc":{"start":{"line":21,"column":42},"end":{"line":99,"column":5}},"line":21},"2":{"name":"(anonymous_2)","decl":{"start":{"line":44,"column":26},"end":{"line":44,"column":36}},"loc":{"start":{"line":44,"column":36},"end":{"line":44,"column":102}},"line":44},"3":{"name":"(anonymous_3)","decl":{"start":{"line":101,"column":19},"end":{"line":101,"column":20}},"loc":{"start":{"line":101,"column":42},"end":{"line":212,"column":5}},"line":101},"4":{"name":"(anonymous_4)","decl":{"start":{"line":121,"column":26},"end":{"line":121,"column":36}},"loc":{"start":{"line":121,"column":36},"end":{"line":121,"column":106}},"line":121},"5":{"name":"(anonymous_5)","decl":{"start":{"line":198,"column":34},"end":{"line":198,"column":35}},"loc":{"start":{"line":198,"column":52},"end":{"line":198,"column":null}},"line":198},"6":{"name":"(anonymous_6)","decl":{"start":{"line":198,"column":64},"end":{"line":198,"column":73}},"loc":{"start":{"line":198,"column":73},"end":{"line":198,"column":95}},"line":198},"7":{"name":"(anonymous_7)","decl":{"start":{"line":198,"column":104},"end":{"line":198,"column":113}},"loc":{"start":{"line":198,"column":113},"end":{"line":198,"column":126}},"line":198}},"branchMap":{"0":{"loc":{"start":{"line":22,"column":8},"end":{"line":26,"column":null}},"type":"if","locations":[{"start":{"line":22,"column":8},"end":{"line":26,"column":null}},{"start":{},"end":{}}],"line":22},"1":{"loc":{"start":{"line":22,"column":12},"end":{"line":22,"column":42}},"type":"binary-expr","locations":[{"start":{"line":22,"column":12},"end":{"line":22,"column":22}},{"start":{"line":22,"column":22},"end":{"line":22,"column":42}}],"line":22},"2":{"loc":{"start":{"line":30,"column":26},"end":{"line":30,"column":null}},"type":"binary-expr","locations":[{"start":{"line":30,"column":26},"end":{"line":30,"column":40}},{"start":{"line":30,"column":40},"end":{"line":30,"column":null}}],"line":30},"3":{"loc":{"start":{"line":32,"column":8},"end":{"line":36,"column":null}},"type":"if","locations":[{"start":{"line":32,"column":8},"end":{"line":36,"column":null}},{"start":{},"end":{}}],"line":32},"4":{"loc":{"start":{"line":32,"column":12},"end":{"line":32,"column":46}},"type":"binary-expr","locations":[{"start":{"line":32,"column":12},"end":{"line":32,"column":24}},{"start":{"line":32,"column":24},"end":{"line":32,"column":46}}],"line":32},"5":{"loc":{"start":{"line":44,"column":8},"end":{"line":47,"column":null}},"type":"if","locations":[{"start":{"line":44,"column":8},"end":{"line":47,"column":null}},{"start":{},"end":{}}],"line":44},"6":{"loc":{"start":{"line":44,"column":36},"end":{"line":44,"column":102}},"type":"binary-expr","locations":[{"start":{"line":44,"column":36},"end":{"line":44,"column":71}},{"start":{"line":44,"column":71},"end":{"line":44,"column":102}}],"line":44},"7":{"loc":{"start":{"line":58,"column":8},"end":{"line":62,"column":null}},"type":"if","locations":[{"start":{"line":58,"column":8},"end":{"line":62,"column":null}},{"start":{},"end":{}}],"line":58},"8":{"loc":{"start":{"line":58,"column":12},"end":{"line":58,"column":50}},"type":"binary-expr","locations":[{"start":{"line":58,"column":12},"end":{"line":58,"column":26}},{"start":{"line":58,"column":26},"end":{"line":58,"column":50}}],"line":58},"9":{"loc":{"start":{"line":69,"column":8},"end":{"line":72,"column":null}},"type":"if","locations":[{"start":{"line":69,"column":8},"end":{"line":72,"column":null}},{"start":{},"end":{}}],"line":69},"10":{"loc":{"start":{"line":69,"column":12},"end":{"line":69,"column":77}},"type":"binary-expr","locations":[{"start":{"line":69,"column":12},"end":{"line":69,"column":32}},{"start":{"line":69,"column":32},"end":{"line":69,"column":54}},{"start":{"line":69,"column":54},"end":{"line":69,"column":77}}],"line":69},"11":{"loc":{"start":{"line":76,"column":12},"end":{"line":80,"column":null}},"type":"if","locations":[{"start":{"line":76,"column":12},"end":{"line":80,"column":null}},{"start":{},"end":{}}],"line":76},"12":{"loc":{"start":{"line":76,"column":16},"end":{"line":76,"column":42}},"type":"binary-expr","locations":[{"start":{"line":76,"column":16},"end":{"line":76,"column":24}},{"start":{"line":76,"column":24},"end":{"line":76,"column":42}}],"line":76},"13":{"loc":{"start":{"line":86,"column":12},"end":{"line":91,"column":null}},"type":"if","locations":[{"start":{"line":86,"column":12},"end":{"line":91,"column":null}},{"start":{},"end":{}}],"line":86},"14":{"loc":{"start":{"line":86,"column":16},"end":{"line":86,"column":63}},"type":"binary-expr","locations":[{"start":{"line":86,"column":16},"end":{"line":86,"column":30}},{"start":{"line":86,"column":30},"end":{"line":86,"column":46}},{"start":{"line":86,"column":46},"end":{"line":86,"column":63}}],"line":86},"15":{"loc":{"start":{"line":102,"column":8},"end":{"line":105,"column":null}},"type":"if","locations":[{"start":{"line":102,"column":8},"end":{"line":105,"column":null}},{"start":{},"end":{}}],"line":102},"16":{"loc":{"start":{"line":102,"column":12},"end":{"line":102,"column":42}},"type":"binary-expr","locations":[{"start":{"line":102,"column":12},"end":{"line":102,"column":22}},{"start":{"line":102,"column":22},"end":{"line":102,"column":42}}],"line":102},"17":{"loc":{"start":{"line":108,"column":26},"end":{"line":108,"column":null}},"type":"binary-expr","locations":[{"start":{"line":108,"column":26},"end":{"line":108,"column":40}},{"start":{"line":108,"column":40},"end":{"line":108,"column":null}}],"line":108},"18":{"loc":{"start":{"line":109,"column":8},"end":{"line":112,"column":null}},"type":"if","locations":[{"start":{"line":109,"column":8},"end":{"line":112,"column":null}},{"start":{},"end":{}}],"line":109},"19":{"loc":{"start":{"line":109,"column":12},"end":{"line":109,"column":46}},"type":"binary-expr","locations":[{"start":{"line":109,"column":12},"end":{"line":109,"column":24}},{"start":{"line":109,"column":24},"end":{"line":109,"column":46}}],"line":109},"20":{"loc":{"start":{"line":115,"column":8},"end":{"line":118,"column":null}},"type":"if","locations":[{"start":{"line":115,"column":8},"end":{"line":118,"column":null}},{"start":{},"end":{}}],"line":115},"21":{"loc":{"start":{"line":115,"column":12},"end":{"line":115,"column":50}},"type":"binary-expr","locations":[{"start":{"line":115,"column":12},"end":{"line":115,"column":26}},{"start":{"line":115,"column":26},"end":{"line":115,"column":50}}],"line":115},"22":{"loc":{"start":{"line":121,"column":8},"end":{"line":123,"column":null}},"type":"if","locations":[{"start":{"line":121,"column":8},"end":{"line":123,"column":null}},{"start":{},"end":{}}],"line":121},"23":{"loc":{"start":{"line":121,"column":36},"end":{"line":121,"column":106}},"type":"binary-expr","locations":[{"start":{"line":121,"column":36},"end":{"line":121,"column":73}},{"start":{"line":121,"column":73},"end":{"line":121,"column":106}}],"line":121},"24":{"loc":{"start":{"line":133,"column":8},"end":{"line":135,"column":null}},"type":"if","locations":[{"start":{"line":133,"column":8},"end":{"line":135,"column":null}},{"start":{},"end":{}}],"line":133},"25":{"loc":{"start":{"line":133,"column":12},"end":{"line":133,"column":77}},"type":"binary-expr","locations":[{"start":{"line":133,"column":12},"end":{"line":133,"column":32}},{"start":{"line":133,"column":32},"end":{"line":133,"column":54}},{"start":{"line":133,"column":54},"end":{"line":133,"column":77}}],"line":133},"26":{"loc":{"start":{"line":140,"column":12},"end":{"line":143,"column":null}},"type":"if","locations":[{"start":{"line":140,"column":12},"end":{"line":143,"column":null}},{"start":{},"end":{}}],"line":140},"27":{"loc":{"start":{"line":140,"column":16},"end":{"line":140,"column":42}},"type":"binary-expr","locations":[{"start":{"line":140,"column":16},"end":{"line":140,"column":24}},{"start":{"line":140,"column":24},"end":{"line":140,"column":42}}],"line":140},"28":{"loc":{"start":{"line":156,"column":12},"end":{"line":174,"column":null}},"type":"if","locations":[{"start":{"line":156,"column":12},"end":{"line":174,"column":null}},{"start":{"line":170,"column":19},"end":{"line":174,"column":null}}],"line":156},"29":{"loc":{"start":{"line":156,"column":12},"end":{"line":159,"column":null}},"type":"binary-expr","locations":[{"start":{"line":157,"column":17},"end":{"line":157,"column":45}},{"start":{"line":157,"column":45},"end":{"line":157,"column":null}},{"start":{"line":158,"column":17},"end":{"line":158,"column":47}},{"start":{"line":158,"column":47},"end":{"line":158,"column":null}},{"start":{"line":159,"column":17},"end":{"line":159,"column":50}},{"start":{"line":159,"column":50},"end":{"line":159,"column":null}}],"line":156},"30":{"loc":{"start":{"line":161,"column":16},"end":{"line":163,"column":null}},"type":"if","locations":[{"start":{"line":161,"column":16},"end":{"line":163,"column":null}},{"start":{},"end":{}}],"line":161},"31":{"loc":{"start":{"line":164,"column":16},"end":{"line":166,"column":null}},"type":"if","locations":[{"start":{"line":164,"column":16},"end":{"line":166,"column":null}},{"start":{},"end":{}}],"line":164},"32":{"loc":{"start":{"line":167,"column":16},"end":{"line":169,"column":null}},"type":"if","locations":[{"start":{"line":167,"column":16},"end":{"line":169,"column":null}},{"start":{},"end":{}}],"line":167},"33":{"loc":{"start":{"line":183,"column":16},"end":{"line":187,"column":null}},"type":"if","locations":[{"start":{"line":183,"column":16},"end":{"line":187,"column":null}},{"start":{"line":185,"column":16},"end":{"line":187,"column":null}}],"line":183},"34":{"loc":{"start":{"line":185,"column":16},"end":{"line":187,"column":null}},"type":"if","locations":[{"start":{"line":185,"column":16},"end":{"line":187,"column":null}},{"start":{},"end":{}}],"line":185},"35":{"loc":{"start":{"line":185,"column":27},"end":{"line":185,"column":87}},"type":"binary-expr","locations":[{"start":{"line":185,"column":27},"end":{"line":185,"column":58}},{"start":{"line":185,"column":58},"end":{"line":185,"column":87}}],"line":185},"36":{"loc":{"start":{"line":188,"column":16},"end":{"line":188,"column":null}},"type":"if","locations":[{"start":{"line":188,"column":16},"end":{"line":188,"column":null}},{"start":{},"end":{}}],"line":188},"37":{"loc":{"start":{"line":188,"column":20},"end":{"line":188,"column":83}},"type":"binary-expr","locations":[{"start":{"line":188,"column":20},"end":{"line":188,"column":53}},{"start":{"line":188,"column":53},"end":{"line":188,"column":83}}],"line":188},"38":{"loc":{"start":{"line":192,"column":12},"end":{"line":195,"column":null}},"type":"if","locations":[{"start":{"line":192,"column":12},"end":{"line":195,"column":null}},{"start":{},"end":{}}],"line":192},"39":{"loc":{"start":{"line":192,"column":16},"end":{"line":192,"column":75}},"type":"binary-expr","locations":[{"start":{"line":192,"column":16},"end":{"line":192,"column":47}},{"start":{"line":192,"column":47},"end":{"line":192,"column":75}}],"line":192},"40":{"loc":{"start":{"line":203,"column":12},"end":{"line":210,"column":null}},"type":"if","locations":[{"start":{"line":203,"column":12},"end":{"line":210,"column":null}},{"start":{},"end":{}}],"line":203},"41":{"loc":{"start":{"line":203,"column":16},"end":{"line":203,"column":77}},"type":"binary-expr","locations":[{"start":{"line":203,"column":16},"end":{"line":203,"column":48}},{"start":{"line":203,"column":48},"end":{"line":203,"column":77}}],"line":203}},"s":{"0":1,"1":0,"2":0,"3":0,"4":0,"5":0,"6":0,"7":0,"8":0,"9":0,"10":0,"11":0,"12":0,"13":0,"14":0,"15":0,"16":0,"17":0,"18":0,"19":0,"20":0,"21":0,"22":0,"23":0,"24":0,"25":0,"26":0,"27":0,"28":0,"29":0,"30":0,"31":0,"32":0,"33":0,"34":0,"35":0,"36":0,"37":0,"38":0,"39":0,"40":0,"41":0,"42":0,"43":0,"44":0,"45":0,"46":0,"47":0,"48":0,"49":0,"50":0,"51":0,"52":0,"53":0,"54":0,"55":0,"56":0,"57":0,"58":0,"59":0,"60":0,"61":0,"62":0,"63":0,"64":0,"65":0,"66":0,"67":0,"68":0,"69":0,"70":0,"71":0,"72":0,"73":0,"74":0,"75":0,"76":0,"77":0,"78":0,"79":0,"80":0,"81":0,"82":0,"83":0,"84":0,"85":0,"86":0,"87":0,"88":0,"89":0,"90":0,"91":0,"92":0,"93":0,"94":0,"95":0,"96":0,"97":0,"98":0,"99":0,"100":0,"101":0,"102":0,"103":0,"104":0,"105":0,"106":0,"107":0,"108":0,"109":0,"110":0,"111":0,"112":0,"113":0,"114":0,"115":0,"116":0,"117":0,"118":0,"119":0,"120":0,"121":0,"122":0,"123":0},"f":{"0":0,"1":0,"2":0,"3":0,"4":0,"5":0,"6":0,"7":0},"b":{"0":[0,0],"1":[0,0],"2":[0,0],"3":[0,0],"4":[0,0],"5":[0,0],"6":[0,0],"7":[0,0],"8":[0,0],"9":[0,0],"10":[0,0,0],"11":[0,0],"12":[0,0],"13":[0,0],"14":[0,0,0],"15":[0,0],"16":[0,0],"17":[0,0],"18":[0,0],"19":[0,0],"20":[0,0],"21":[0,0],"22":[0,0],"23":[0,0],"24":[0,0],"25":[0,0,0],"26":[0,0],"27":[0,0],"28":[0,0],"29":[0,0,0,0,0,0],"30":[0,0],"31":[0,0],"32":[0,0],"33":[0,0],"34":[0,0],"35":[0,0],"36":[0,0],"37":[0,0],"38":[0,0],"39":[0,0],"40":[0,0],"41":[0,0]},"meta":{"lastBranch":42,"lastFunction":8,"lastStatement":124,"seen":{"s:3:46:215:Infinity":0,"f:3:46:3:47":0,"s:4:19:17:Infinity":1,"s:19:19:19:Infinity":2,"s:21:4:99:Infinity":3,"f:21:19:21:20":1,"b:22:8:26:Infinity:undefined:undefined:undefined:undefined":0,"s:22:8:26:Infinity":4,"b:22:12:22:22:22:22:22:42":1,"s:23:12:23:Infinity":5,"s:24:12:24:Infinity":6,"s:25:12:25:Infinity":7,"s:28:24:28:Infinity":8,"s:29:8:29:Infinity":9,"s:30:26:30:Infinity":10,"b:30:26:30:40:30:40:30:Infinity":2,"s:31:8:31:Infinity":11,"b:32:8:36:Infinity:undefined:undefined:undefined:undefined":3,"s:32:8:36:Infinity":12,"b:32:12:32:24:32:24:32:46":4,"s:33:12:33:Infinity":13,"s:34:12:34:Infinity":14,"s:35:12:35:Infinity":15,"b:44:8:47:Infinity:undefined:undefined:undefined:undefined":5,"s:44:8:47:Infinity":16,"f:44:26:44:36":2,"s:44:36:44:102":17,"b:44:36:44:71:44:71:44:102":6,"s:45:12:45:Infinity":18,"s:46:12:46:Infinity":19,"s:56:26:56:Infinity":20,"s:57:8:57:Infinity":21,"b:58:8:62:Infinity:undefined:undefined:undefined:undefined":7,"s:58:8:62:Infinity":22,"b:58:12:58:26:58:26:58:50":8,"s:59:12:59:Infinity":23,"s:60:12:60:Infinity":24,"s:61:12:61:Infinity":25,"s:65:26:65:Infinity":26,"s:66:28:66:Infinity":27,"s:67:31:67:Infinity":28,"b:69:8:72:Infinity:undefined:undefined:undefined:undefined":9,"s:69:8:72:Infinity":29,"b:69:12:69:32:69:32:69:54:69:54:69:77":10,"s:70:12:70:Infinity":30,"s:71:12:71:Infinity":31,"s:74:8:98:Infinity":32,"s:74:28:74:31":33,"s:75:24:75:Infinity":34,"b:76:12:80:Infinity:undefined:undefined:undefined:undefined":11,"s:76:12:80:Infinity":35,"b:76:16:76:24:76:24:76:42":12,"s:77:16:77:Infinity":36,"s:78:16:78:Infinity":37,"s:79:16:79:Infinity":38,"s:82:30:82:Infinity":39,"s:83:32:83:Infinity":40,"s:84:35:84:Infinity":41,"b:86:12:91:Infinity:undefined:undefined:undefined:undefined":13,"s:86:12:91:Infinity":42,"b:86:16:86:30:86:30:86:46:86:46:86:63":14,"s:87:35:87:Infinity":43,"s:88:16:88:Infinity":44,"s:89:16:89:Infinity":45,"s:90:16:90:Infinity":46,"s:93:12:93:Infinity":47,"s:95:12:95:Infinity":48,"s:96:12:96:Infinity":49,"s:97:12:97:Infinity":50,"s:101:4:212:Infinity":51,"f:101:19:101:20":3,"b:102:8:105:Infinity:undefined:undefined:undefined:undefined":15,"s:102:8:105:Infinity":52,"b:102:12:102:22:102:22:102:42":16,"s:103:12:103:Infinity":53,"s:104:12:104:Infinity":54,"s:107:24:107:Infinity":55,"s:108:26:108:Infinity":56,"b:108:26:108:40:108:40:108:Infinity":17,"b:109:8:112:Infinity:undefined:undefined:undefined:undefined":18,"s:109:8:112:Infinity":57,"b:109:12:109:24:109:24:109:46":19,"s:110:12:110:Infinity":58,"s:111:12:111:Infinity":59,"s:114:26:114:Infinity":60,"b:115:8:118:Infinity:undefined:undefined:undefined:undefined":20,"s:115:8:118:Infinity":61,"b:115:12:115:26:115:26:115:50":21,"s:116:12:116:Infinity":62,"s:117:12:117:Infinity":63,"b:121:8:123:Infinity:undefined:undefined:undefined:undefined":22,"s:121:8:123:Infinity":64,"f:121:26:121:36":4,"s:121:36:121:106":65,"b:121:36:121:73:121:73:121:106":23,"s:122:12:122:Infinity":66,"s:129:26:129:Infinity":67,"s:130:28:130:Infinity":68,"s:131:31:131:Infinity":69,"b:133:8:135:Infinity:undefined:undefined:undefined:undefined":24,"s:133:8:135:Infinity":70,"b:133:12:133:32:133:32:133:54:133:54:133:77":25,"s:134:12:134:Infinity":71,"s:138:8:211:Infinity":72,"s:138:28:138:31":73,"s:139:24:139:Infinity":74,"b:140:12:143:Infinity:undefined:undefined:undefined:undefined":26,"s:140:12:143:Infinity":75,"b:140:16:140:24:140:24:140:42":27,"s:141:16:141:Infinity":76,"s:142:16:142:Infinity":77,"s:145:30:145:Infinity":78,"s:146:32:146:Infinity":79,"s:147:35:147:Infinity":80,"s:150:37:150:Infinity":81,"s:151:39:151:Infinity":82,"s:152:42:152:Infinity":83,"s:154:37:154:Infinity":84,"b:156:12:174:Infinity:170:19:174:Infinity":28,"s:156:12:174:Infinity":85,"b:157:17:157:45:157:45:157:Infinity:158:17:158:47:158:47:158:Infinity:159:17:159:50:159:50:159:Infinity":29,"b:161:16:163:Infinity:undefined:undefined:undefined:undefined":30,"s:161:16:163:Infinity":86,"s:162:20:162:Infinity":87,"b:164:16:166:Infinity:undefined:undefined:undefined:undefined":31,"s:164:16:166:Infinity":88,"s:165:20:165:Infinity":89,"b:167:16:169:Infinity:undefined:undefined:undefined:undefined":32,"s:167:16:169:Infinity":90,"s:168:20:168:Infinity":91,"s:171:35:171:Infinity":92,"s:172:16:172:Infinity":93,"s:173:16:173:Infinity":94,"s:177:35:177:Infinity":95,"s:178:34:178:Infinity":96,"s:180:25:180:Infinity":97,"s:182:12:189:Infinity":98,"s:182:25:182:40":99,"b:183:16:187:Infinity:185:16:187:Infinity":33,"s:183:16:187:Infinity":100,"s:184:20:184:Infinity":101,"b:185:16:187:Infinity:undefined:undefined:undefined:undefined":34,"s:185:16:187:Infinity":102,"b:185:27:185:58:185:58:185:87":35,"s:186:20:186:Infinity":103,"b:188:16:188:Infinity:undefined:undefined:undefined:undefined":36,"s:188:16:188:Infinity":104,"b:188:20:188:53:188:53:188:83":37,"s:188:83:188:Infinity":105,"b:192:12:195:Infinity:undefined:undefined:undefined:undefined":38,"s:192:12:195:Infinity":106,"b:192:16:192:47:192:47:192:75":39,"s:193:16:193:Infinity":107,"s:194:16:194:Infinity":108,"s:198:34:198:Infinity":109,"f:198:34:198:35":5,"s:198:52:198:Infinity":110,"f:198:64:198:73":6,"s:198:73:198:95":111,"f:198:104:198:113":7,"s:198:113:198:126":112,"s:200:36:200:Infinity":113,"s:201:35:201:Infinity":114,"b:203:12:210:Infinity:undefined:undefined:undefined:undefined":40,"s:203:12:210:Infinity":115,"b:203:16:203:48:203:48:203:77":41,"s:204:16:204:Infinity":116,"s:205:16:205:Infinity":117,"s:206:16:206:Infinity":118,"s:207:16:207:Infinity":119,"s:208:16:208:Infinity":120,"s:209:16:209:Infinity":121,"s:213:8:213:Infinity":122,"s:214:8:214:Infinity":123}}}
,"C:\\Users\\Dejan Bokonjic\\OneDrive - Univerza v Mariboru\\Namizje\\NALOGERIRS\\gazeProReact\\src\\components\\InUseComponents\\ExtractHeadNeckTestData.tsx": {"path":"C:\\Users\\Dejan Bokonjic\\OneDrive - Univerza v Mariboru\\Namizje\\NALOGERIRS\\gazeProReact\\src\\components\\InUseComponents\\ExtractHeadNeckTestData.tsx","statementMap":{"0":{"start":{"line":1,"column":39},"end":{"line":219,"column":null}},"1":{"start":{"line":2,"column":19},"end":{"line":15,"column":null}},"2":{"start":{"line":17,"column":26},"end":{"line":17,"column":null}},"3":{"start":{"line":19,"column":4},"end":{"line":19,"column":null}},"4":{"start":{"line":22,"column":4},"end":{"line":89,"column":null}},"5":{"start":{"line":23,"column":8},"end":{"line":27,"column":null}},"6":{"start":{"line":24,"column":12},"end":{"line":24,"column":null}},"7":{"start":{"line":25,"column":12},"end":{"line":25,"column":null}},"8":{"start":{"line":26,"column":12},"end":{"line":26,"column":null}},"9":{"start":{"line":29,"column":25},"end":{"line":29,"column":null}},"10":{"start":{"line":30,"column":24},"end":{"line":30,"column":null}},"11":{"start":{"line":31,"column":26},"end":{"line":31,"column":null}},"12":{"start":{"line":33,"column":8},"end":{"line":33,"column":null}},"13":{"start":{"line":34,"column":8},"end":{"line":38,"column":null}},"14":{"start":{"line":35,"column":12},"end":{"line":35,"column":null}},"15":{"start":{"line":36,"column":12},"end":{"line":36,"column":null}},"16":{"start":{"line":37,"column":12},"end":{"line":37,"column":null}},"17":{"start":{"line":40,"column":30},"end":{"line":40,"column":null}},"18":{"start":{"line":41,"column":8},"end":{"line":41,"column":null}},"19":{"start":{"line":43,"column":8},"end":{"line":46,"column":null}},"20":{"start":{"line":44,"column":12},"end":{"line":44,"column":null}},"21":{"start":{"line":45,"column":12},"end":{"line":45,"column":null}},"22":{"start":{"line":48,"column":8},"end":{"line":88,"column":null}},"23":{"start":{"line":48,"column":28},"end":{"line":48,"column":31}},"24":{"start":{"line":49,"column":24},"end":{"line":49,"column":null}},"25":{"start":{"line":50,"column":12},"end":{"line":54,"column":null}},"26":{"start":{"line":51,"column":16},"end":{"line":51,"column":null}},"27":{"start":{"line":52,"column":16},"end":{"line":52,"column":null}},"28":{"start":{"line":53,"column":16},"end":{"line":53,"column":null}},"29":{"start":{"line":55,"column":31},"end":{"line":55,"column":null}},"30":{"start":{"line":56,"column":29},"end":{"line":56,"column":null}},"31":{"start":{"line":57,"column":12},"end":{"line":61,"column":null}},"32":{"start":{"line":58,"column":16},"end":{"line":58,"column":null}},"33":{"start":{"line":59,"column":16},"end":{"line":59,"column":null}},"34":{"start":{"line":60,"column":16},"end":{"line":60,"column":null}},"35":{"start":{"line":63,"column":38},"end":{"line":63,"column":null}},"36":{"start":{"line":64,"column":12},"end":{"line":68,"column":null}},"37":{"start":{"line":65,"column":16},"end":{"line":65,"column":null}},"38":{"start":{"line":66,"column":16},"end":{"line":66,"column":null}},"39":{"start":{"line":67,"column":16},"end":{"line":67,"column":null}},"40":{"start":{"line":70,"column":12},"end":{"line":70,"column":null}},"41":{"start":{"line":72,"column":12},"end":{"line":87,"column":null}},"42":{"start":{"line":74,"column":20},"end":{"line":74,"column":null}},"43":{"start":{"line":75,"column":20},"end":{"line":75,"column":null}},"44":{"start":{"line":77,"column":20},"end":{"line":77,"column":null}},"45":{"start":{"line":78,"column":20},"end":{"line":78,"column":null}},"46":{"start":{"line":80,"column":20},"end":{"line":80,"column":null}},"47":{"start":{"line":81,"column":20},"end":{"line":81,"column":null}},"48":{"start":{"line":83,"column":20},"end":{"line":83,"column":null}},"49":{"start":{"line":84,"column":20},"end":{"line":84,"column":null}},"50":{"start":{"line":86,"column":20},"end":{"line":86,"column":null}},"51":{"start":{"line":91,"column":4},"end":{"line":213,"column":null}},"52":{"start":{"line":92,"column":8},"end":{"line":96,"column":null}},"53":{"start":{"line":93,"column":12},"end":{"line":93,"column":null}},"54":{"start":{"line":94,"column":12},"end":{"line":94,"column":null}},"55":{"start":{"line":95,"column":12},"end":{"line":95,"column":null}},"56":{"start":{"line":98,"column":25},"end":{"line":98,"column":null}},"57":{"start":{"line":99,"column":24},"end":{"line":99,"column":null}},"58":{"start":{"line":100,"column":26},"end":{"line":100,"column":null}},"59":{"start":{"line":101,"column":8},"end":{"line":101,"column":null}},"60":{"start":{"line":102,"column":8},"end":{"line":106,"column":null}},"61":{"start":{"line":103,"column":12},"end":{"line":103,"column":null}},"62":{"start":{"line":104,"column":12},"end":{"line":104,"column":null}},"63":{"start":{"line":105,"column":12},"end":{"line":105,"column":null}},"64":{"start":{"line":108,"column":28},"end":{"line":108,"column":null}},"65":{"start":{"line":109,"column":27},"end":{"line":109,"column":null}},"66":{"start":{"line":110,"column":8},"end":{"line":113,"column":null}},"67":{"start":{"line":111,"column":35},"end":{"line":111,"column":null}},"68":{"start":{"line":112,"column":12},"end":{"line":112,"column":null}},"69":{"start":{"line":115,"column":8},"end":{"line":118,"column":null}},"70":{"start":{"line":116,"column":12},"end":{"line":116,"column":null}},"71":{"start":{"line":117,"column":12},"end":{"line":117,"column":null}},"72":{"start":{"line":120,"column":8},"end":{"line":160,"column":null}},"73":{"start":{"line":120,"column":28},"end":{"line":120,"column":31}},"74":{"start":{"line":121,"column":24},"end":{"line":121,"column":null}},"75":{"start":{"line":122,"column":12},"end":{"line":126,"column":null}},"76":{"start":{"line":123,"column":16},"end":{"line":123,"column":null}},"77":{"start":{"line":124,"column":16},"end":{"line":124,"column":null}},"78":{"start":{"line":125,"column":16},"end":{"line":125,"column":null}},"79":{"start":{"line":128,"column":29},"end":{"line":128,"column":null}},"80":{"start":{"line":129,"column":12},"end":{"line":133,"column":null}},"81":{"start":{"line":130,"column":16},"end":{"line":130,"column":null}},"82":{"start":{"line":131,"column":16},"end":{"line":131,"column":null}},"83":{"start":{"line":132,"column":16},"end":{"line":132,"column":null}},"84":{"start":{"line":135,"column":38},"end":{"line":135,"column":null}},"85":{"start":{"line":136,"column":12},"end":{"line":140,"column":null}},"86":{"start":{"line":137,"column":16},"end":{"line":137,"column":null}},"87":{"start":{"line":138,"column":16},"end":{"line":138,"column":null}},"88":{"start":{"line":139,"column":16},"end":{"line":139,"column":null}},"89":{"start":{"line":142,"column":12},"end":{"line":142,"column":null}},"90":{"start":{"line":144,"column":12},"end":{"line":159,"column":null}},"91":{"start":{"line":146,"column":20},"end":{"line":146,"column":null}},"92":{"start":{"line":147,"column":20},"end":{"line":147,"column":null}},"93":{"start":{"line":149,"column":20},"end":{"line":149,"column":null}},"94":{"start":{"line":150,"column":20},"end":{"line":150,"column":null}},"95":{"start":{"line":152,"column":20},"end":{"line":152,"column":null}},"96":{"start":{"line":153,"column":20},"end":{"line":153,"column":null}},"97":{"start":{"line":155,"column":20},"end":{"line":155,"column":null}},"98":{"start":{"line":156,"column":20},"end":{"line":156,"column":null}},"99":{"start":{"line":158,"column":20},"end":{"line":158,"column":null}},"100":{"start":{"line":161,"column":28},"end":{"line":161,"column":null}},"101":{"start":{"line":162,"column":8},"end":{"line":165,"column":null}},"102":{"start":{"line":163,"column":35},"end":{"line":163,"column":null}},"103":{"start":{"line":164,"column":12},"end":{"line":164,"column":null}},"104":{"start":{"line":166,"column":28},"end":{"line":166,"column":null}},"105":{"start":{"line":167,"column":8},"end":{"line":170,"column":null}},"106":{"start":{"line":168,"column":12},"end":{"line":168,"column":null}},"107":{"start":{"line":169,"column":12},"end":{"line":169,"column":null}},"108":{"start":{"line":172,"column":8},"end":{"line":212,"column":null}},"109":{"start":{"line":172,"column":28},"end":{"line":172,"column":31}},"110":{"start":{"line":173,"column":24},"end":{"line":173,"column":null}},"111":{"start":{"line":174,"column":12},"end":{"line":178,"column":null}},"112":{"start":{"line":175,"column":16},"end":{"line":175,"column":null}},"113":{"start":{"line":176,"column":16},"end":{"line":176,"column":null}},"114":{"start":{"line":177,"column":16},"end":{"line":177,"column":null}},"115":{"start":{"line":180,"column":29},"end":{"line":180,"column":null}},"116":{"start":{"line":181,"column":12},"end":{"line":185,"column":null}},"117":{"start":{"line":182,"column":16},"end":{"line":182,"column":null}},"118":{"start":{"line":183,"column":16},"end":{"line":183,"column":null}},"119":{"start":{"line":184,"column":16},"end":{"line":184,"column":null}},"120":{"start":{"line":187,"column":38},"end":{"line":187,"column":null}},"121":{"start":{"line":188,"column":12},"end":{"line":192,"column":null}},"122":{"start":{"line":189,"column":16},"end":{"line":189,"column":null}},"123":{"start":{"line":190,"column":16},"end":{"line":190,"column":null}},"124":{"start":{"line":191,"column":16},"end":{"line":191,"column":null}},"125":{"start":{"line":194,"column":12},"end":{"line":194,"column":null}},"126":{"start":{"line":196,"column":12},"end":{"line":211,"column":null}},"127":{"start":{"line":198,"column":20},"end":{"line":198,"column":null}},"128":{"start":{"line":199,"column":20},"end":{"line":199,"column":null}},"129":{"start":{"line":201,"column":20},"end":{"line":201,"column":null}},"130":{"start":{"line":202,"column":20},"end":{"line":202,"column":null}},"131":{"start":{"line":204,"column":20},"end":{"line":204,"column":null}},"132":{"start":{"line":205,"column":20},"end":{"line":205,"column":null}},"133":{"start":{"line":207,"column":20},"end":{"line":207,"column":null}},"134":{"start":{"line":208,"column":20},"end":{"line":208,"column":null}},"135":{"start":{"line":210,"column":20},"end":{"line":210,"column":null}},"136":{"start":{"line":215,"column":4},"end":{"line":215,"column":null}},"137":{"start":{"line":217,"column":4},"end":{"line":217,"column":null}},"138":{"start":{"line":218,"column":4},"end":{"line":218,"column":null}}},"fnMap":{"0":{"name":"(anonymous_0)","decl":{"start":{"line":1,"column":39},"end":{"line":1,"column":40}},"loc":{"start":{"line":1,"column":51},"end":{"line":219,"column":null}},"line":1},"1":{"name":"(anonymous_1)","decl":{"start":{"line":22,"column":19},"end":{"line":22,"column":20}},"loc":{"start":{"line":22,"column":42},"end":{"line":89,"column":5}},"line":22},"2":{"name":"(anonymous_2)","decl":{"start":{"line":91,"column":19},"end":{"line":91,"column":20}},"loc":{"start":{"line":91,"column":42},"end":{"line":213,"column":5}},"line":91}},"branchMap":{"0":{"loc":{"start":{"line":23,"column":8},"end":{"line":27,"column":null}},"type":"if","locations":[{"start":{"line":23,"column":8},"end":{"line":27,"column":null}},{"start":{},"end":{}}],"line":23},"1":{"loc":{"start":{"line":23,"column":12},"end":{"line":23,"column":42}},"type":"binary-expr","locations":[{"start":{"line":23,"column":12},"end":{"line":23,"column":22}},{"start":{"line":23,"column":22},"end":{"line":23,"column":42}}],"line":23},"2":{"loc":{"start":{"line":31,"column":26},"end":{"line":31,"column":null}},"type":"binary-expr","locations":[{"start":{"line":31,"column":26},"end":{"line":31,"column":40}},{"start":{"line":31,"column":40},"end":{"line":31,"column":null}}],"line":31},"3":{"loc":{"start":{"line":34,"column":8},"end":{"line":38,"column":null}},"type":"if","locations":[{"start":{"line":34,"column":8},"end":{"line":38,"column":null}},{"start":{},"end":{}}],"line":34},"4":{"loc":{"start":{"line":34,"column":12},"end":{"line":34,"column":46}},"type":"binary-expr","locations":[{"start":{"line":34,"column":12},"end":{"line":34,"column":24}},{"start":{"line":34,"column":24},"end":{"line":34,"column":46}}],"line":34},"5":{"loc":{"start":{"line":43,"column":8},"end":{"line":46,"column":null}},"type":"if","locations":[{"start":{"line":43,"column":8},"end":{"line":46,"column":null}},{"start":{},"end":{}}],"line":43},"6":{"loc":{"start":{"line":50,"column":12},"end":{"line":54,"column":null}},"type":"if","locations":[{"start":{"line":50,"column":12},"end":{"line":54,"column":null}},{"start":{},"end":{}}],"line":50},"7":{"loc":{"start":{"line":50,"column":16},"end":{"line":50,"column":42}},"type":"binary-expr","locations":[{"start":{"line":50,"column":16},"end":{"line":50,"column":24}},{"start":{"line":50,"column":24},"end":{"line":50,"column":42}}],"line":50},"8":{"loc":{"start":{"line":57,"column":12},"end":{"line":61,"column":null}},"type":"if","locations":[{"start":{"line":57,"column":12},"end":{"line":61,"column":null}},{"start":{},"end":{}}],"line":57},"9":{"loc":{"start":{"line":64,"column":12},"end":{"line":68,"column":null}},"type":"if","locations":[{"start":{"line":64,"column":12},"end":{"line":68,"column":null}},{"start":{},"end":{}}],"line":64},"10":{"loc":{"start":{"line":72,"column":12},"end":{"line":87,"column":null}},"type":"switch","locations":[{"start":{"line":73,"column":16},"end":{"line":75,"column":null}},{"start":{"line":76,"column":16},"end":{"line":78,"column":null}},{"start":{"line":79,"column":16},"end":{"line":81,"column":null}},{"start":{"line":82,"column":16},"end":{"line":84,"column":null}},{"start":{"line":85,"column":16},"end":{"line":86,"column":null}}],"line":72},"11":{"loc":{"start":{"line":92,"column":8},"end":{"line":96,"column":null}},"type":"if","locations":[{"start":{"line":92,"column":8},"end":{"line":96,"column":null}},{"start":{},"end":{}}],"line":92},"12":{"loc":{"start":{"line":92,"column":12},"end":{"line":92,"column":42}},"type":"binary-expr","locations":[{"start":{"line":92,"column":12},"end":{"line":92,"column":22}},{"start":{"line":92,"column":22},"end":{"line":92,"column":42}}],"line":92},"13":{"loc":{"start":{"line":100,"column":26},"end":{"line":100,"column":null}},"type":"binary-expr","locations":[{"start":{"line":100,"column":26},"end":{"line":100,"column":40}},{"start":{"line":100,"column":40},"end":{"line":100,"column":null}}],"line":100},"14":{"loc":{"start":{"line":102,"column":8},"end":{"line":106,"column":null}},"type":"if","locations":[{"start":{"line":102,"column":8},"end":{"line":106,"column":null}},{"start":{},"end":{}}],"line":102},"15":{"loc":{"start":{"line":102,"column":12},"end":{"line":102,"column":46}},"type":"binary-expr","locations":[{"start":{"line":102,"column":12},"end":{"line":102,"column":24}},{"start":{"line":102,"column":24},"end":{"line":102,"column":46}}],"line":102},"16":{"loc":{"start":{"line":110,"column":8},"end":{"line":113,"column":null}},"type":"if","locations":[{"start":{"line":110,"column":8},"end":{"line":113,"column":null}},{"start":{},"end":{}}],"line":110},"17":{"loc":{"start":{"line":110,"column":12},"end":{"line":110,"column":54}},"type":"binary-expr","locations":[{"start":{"line":110,"column":12},"end":{"line":110,"column":36}},{"start":{"line":110,"column":36},"end":{"line":110,"column":54}}],"line":110},"18":{"loc":{"start":{"line":115,"column":8},"end":{"line":118,"column":null}},"type":"if","locations":[{"start":{"line":115,"column":8},"end":{"line":118,"column":null}},{"start":{},"end":{}}],"line":115},"19":{"loc":{"start":{"line":122,"column":12},"end":{"line":126,"column":null}},"type":"if","locations":[{"start":{"line":122,"column":12},"end":{"line":126,"column":null}},{"start":{},"end":{}}],"line":122},"20":{"loc":{"start":{"line":122,"column":16},"end":{"line":122,"column":42}},"type":"binary-expr","locations":[{"start":{"line":122,"column":16},"end":{"line":122,"column":24}},{"start":{"line":122,"column":24},"end":{"line":122,"column":42}}],"line":122},"21":{"loc":{"start":{"line":129,"column":12},"end":{"line":133,"column":null}},"type":"if","locations":[{"start":{"line":129,"column":12},"end":{"line":133,"column":null}},{"start":{},"end":{}}],"line":129},"22":{"loc":{"start":{"line":136,"column":12},"end":{"line":140,"column":null}},"type":"if","locations":[{"start":{"line":136,"column":12},"end":{"line":140,"column":null}},{"start":{},"end":{}}],"line":136},"23":{"loc":{"start":{"line":144,"column":12},"end":{"line":159,"column":null}},"type":"switch","locations":[{"start":{"line":145,"column":16},"end":{"line":147,"column":null}},{"start":{"line":148,"column":16},"end":{"line":150,"column":null}},{"start":{"line":151,"column":16},"end":{"line":153,"column":null}},{"start":{"line":154,"column":16},"end":{"line":156,"column":null}},{"start":{"line":157,"column":16},"end":{"line":158,"column":null}}],"line":144},"24":{"loc":{"start":{"line":162,"column":8},"end":{"line":165,"column":null}},"type":"if","locations":[{"start":{"line":162,"column":8},"end":{"line":165,"column":null}},{"start":{},"end":{}}],"line":162},"25":{"loc":{"start":{"line":162,"column":12},"end":{"line":162,"column":54}},"type":"binary-expr","locations":[{"start":{"line":162,"column":12},"end":{"line":162,"column":36}},{"start":{"line":162,"column":36},"end":{"line":162,"column":54}}],"line":162},"26":{"loc":{"start":{"line":167,"column":8},"end":{"line":170,"column":null}},"type":"if","locations":[{"start":{"line":167,"column":8},"end":{"line":170,"column":null}},{"start":{},"end":{}}],"line":167},"27":{"loc":{"start":{"line":174,"column":12},"end":{"line":178,"column":null}},"type":"if","locations":[{"start":{"line":174,"column":12},"end"
[...]
,"C:\\Users\\Dejan Bokonjic\\OneDrive - Univerza v Mariboru\\Namizje\\NALOGERIRS\\gazeProReact\\src\\components\\InUseComponents\\PopUpDeleteRowConformation.tsx": {"path":"C:\\Users\\Dejan Bokonjic\\OneDrive - Univerza v Mariboru\\Namizje\\NALOGERIRS\\gazeProReact\\src\\components\\InUseComponents\\PopUpDeleteRowConformation.tsx","statementMap":{"0":{"start":{"line":5,"column":32},"end":{"line":46,"column":null}},"1":{"start":{"line":6,"column":4},"end":{"line":44,"column":null}}},"fnMap":{"0":{"name":"(anonymous_0)","decl":{"start":{"line":5,"column":32},"end":{"line":5,"column":33}},"loc":{"start":{"line":5,"column":97},"end":{"line":46,"column":null}},"line":5}},"branchMap":{},"s":{"0":1,"1":6},"f":{"0":6},"b":{},"meta":{"lastBranch":0,"lastFunction":1,"lastStatement":2,"seen":{"s:5:32:46:Infinity":0,"f:5:32:5:33":0,"s:6:4:44:Infinity":1}}}
,"C:\\Users\\Dejan Bokonjic\\OneDrive - Univerza v Mariboru\\Namizje\\NALOGERIRS\\gazeProReact\\src\\components\\InUseComponents\\Pozdrav.tsx": {"path":"C:\\Users\\Dejan Bokonjic\\OneDrive - Univerza v Mariboru\\Namizje\\NALOGERIRS\\gazeProReact\\src\\components\\InUseComponents\\Pozdrav.tsx","statementMap":{"0":{"start":{"line":4,"column":23},"end":{"line":9,"column":null}},"1":{"start":{"line":5,"column":4},"end":{"line":8,"column":null}}},"fnMap":{"0":{"name":"(anonymous_0)","decl":{"start":{"line":4,"column":23},"end":{"line":4,"column":29}},"loc":{"start":{"line":4,"column":29},"end":{"line":9,"column":null}},"line":4}},"branchMap":{},"s":{"0":2,"1":7},"f":{"0":7},"b":{},"meta":{"lastBranch":0,"lastFunction":1,"lastStatement":2,"seen":{"s:4:23:9:Infinity":0,"f:4:23:4:29":0,"s:5:4:8:Infinity":1}}}
,"C:\\Users\\Dejan Bokonjic\\OneDrive - Univerza v Mariboru\\Namizje\\NALOGERIRS\\gazeProReact\\src\\components\\InUseComponents\\Buttons\\CreateExcel.tsx": {"path":"C:\\Users\\Dejan Bokonjic\\OneDrive - Univerza v Mariboru\\Namizje\\NALOGERIRS\\gazeProReact\\src\\components\\InUseComponents\\Buttons\\CreateExcel.tsx","statementMap":{"0":{"start":{"line":4,"column":33},"end":{"line":28,"column":null}},"1":{"start":{"line":6,"column":30},"end":{"line":8,"column":null}},"2":{"start":{"line":7,"column":8},"end":{"line":7,"column":null}},"3":{"start":{"line":11,"column":4},"end":{"line":26,"column":null}}},"fnMap":{"0":{"name":"(anonymous_0)","decl":{"start":{"line":4,"column":33},"end":{"line":4,"column":39}},"loc":{"start":{"line":4,"column":39},"end":{"line":28,"column":null}},"line":4},"1":{"name":"(anonymous_1)","decl":{"start":{"line":6,"column":30},"end":{"line":6,"column":36}},"loc":{"start":{"line":6,"column":36},"end":{"line":8,"column":null}},"line":6}},"branchMap":{},"s":{"0":1,"1":0,"2":0,"3":0},"f":{"0":0,"1":0},"b":{},"meta":{"lastBranch":0,"lastFunction":2,"lastStatement":4,"seen":{"s:4:33:28:Infinity":0,"f:4:33:4:39":0,"s:6:30:8:Infinity":1,"f:6:30:6:36":1,"s:7:8:7:Infinity":2,"s:11:4:26:Infinity":3}}}
,"C:\\Users\\Dejan Bokonjic\\OneDrive - Univerza v Mariboru\\Namizje\\NALOGERIRS\\gazeProReact\\src\\components\\InUseComponents\\Buttons\\ForwardToAnalysisAndSaveResults.tsx": {"path":"C:\\Users\\Dejan Bokonjic\\OneDrive - Univerza v Mariboru\\Namizje\\NALOGERIRS\\gazeProReact\\src\\components\\InUseComponents\\Buttons\\ForwardToAnalysisAndSaveResults.tsx","statementMap":{"0":{"start":{"line":8,"column":53},"end":{"line":138,"column":null}},"1":{"start":{"line":10,"column":32},"end":{"line":119,"column":null}},"2":{"start":{"line":11,"column":23},"end":{"line":11,"column":null}},"3":{"start":{"line":14,"column":8},"end":{"line":118,"column":null}},"4":{"start":{"line":16,"column":16},"end":{"line":16,"column":null}},"5":{"start":{"line":18,"column":37},"end":{"line":27,"column":null}},"6":{"start":{"line":19,"column":20},"end":{"line":25,"column":null}},"7":{"start":{"line":20,"column":24},"end":{"line":24,"column":null}},"8":{"start":{"line":21,"column":28},"end":{"line":23,"column":null}},"9":{"start":{"line":22,"column":32},"end":{"line":22,"column":null}},"10":{"start":{"line":26,"column":20},"end":{"line":26,"column":null}},"11":{"start":{"line":29,"column":16},"end":{"line":35,"column":null}},"12":{"start":{"line":30,"column":20},"end":{"line":30,"column":null}},"13":{"start":{"line":31,"column":20},"end":{"line":31,"column":null}},"14":{"start":{"line":33,"column":20},"end":{"line":33,"column":null}},"15":{"start":{"line":34,"column":20},"end":{"line":34,"column":null}},"16":{"start":{"line":37,"column":16},"end":{"line":43,"column":null}},"17":{"start":{"line":38,"column":45},"end":{"line":38,"column":null}},"18":{"start":{"line":38,"column":81},"end":{"line":38,"column":114}},"19":{"start":{"line":39,"column":20},"end":{"line":41,"column":null}},"20":{"start":{"line":40,"column":24},"end":{"line":40,"column":null}},"21":{"start":{"line":42,"column":20},"end":{"line":42,"column":null}},"22":{"start":{"line":45,"column":16},"end":{"line":54,"column":null}},"23":{"start":{"line":46,"column":43},"end":{"line":46,"column":null}},"24":{"start":{"line":47,"column":49},"end":{"line":51,"column":null}},"25":{"start":{"line":52,"column":20},"end":{"line":52,"column":null}},"26":{"start":{"line":53,"column":20},"end":{"line":53,"column":null}},"27":{"start":{"line":55,"column":16},"end":{"line":55,"column":null}},"28":{"start":{"line":58,"column":16},"end":{"line":58,"column":null}},"29":{"start":{"line":59,"column":16},"end":{"line":59,"column":null}},"30":{"start":{"line":60,"column":16},"end":{"line":60,"column":null}},"31":{"start":{"line":61,"column":16},"end":{"line":61,"column":null}},"32":{"start":{"line":64,"column":16},"end":{"line":68,"column":null}},"33":{"start":{"line":65,"column":20},"end":{"line":65,"column":null}},"34":{"start":{"line":67,"column":20},"end":{"line":67,"column":null}},"35":{"start":{"line":70,"column":16},"end":{"line":76,"column":null}},"36":{"start":{"line":71,"column":45},"end":{"line":71,"column":null}},"37":{"start":{"line":71,"column":81},"end":{"line":71,"column":114}},"38":{"start":{"line":72,"column":20},"end":{"line":74,"column":null}},"39":{"start":{"line":73,"column":24},"end":{"line":73,"column":null}},"40":{"start":{"line":75,"column":20},"end":{"line":75,"column":null}},"41":{"start":{"line":78,"column":16},"end":{"line":89,"column":null}},"42":{"start":{"line":79,"column":43},"end":{"line":79,"column":null}},"43":{"start":{"line":80,"column":58},"end":{"line":84,"column":null}},"44":{"start":{"line":85,"column":20},"end":{"line":85,"column":null}},"45":{"start":{"line":86,"column":20},"end":{"line":86,"column":null}},"46":{"start":{"line":87,"column":20},"end":{"line":87,"column":null}},"47":{"start":{"line":88,"column":20},"end":{"line":88,"column":null}},"48":{"start":{"line":90,"column":16},"end":{"line":90,"column":null}},"49":{"start":{"line":94,"column":16},"end":{"line":94,"column":null}},"50":{"start":{"line":95,"column":16},"end":{"line":95,"column":null}},"51":{"start":{"line":97,"column":16},"end":{"line":103,"column":null}},"52":{"start":{"line":98,"column":45},"end":{"line":98,"column":null}},"53":{"start":{"line":98,"column":81},"end":{"line":98,"column":114}},"54":{"start":{"line":99,"column":20},"end":{"line":101,"column":null}},"55":{"start":{"line":100,"column":24},"end":{"line":100,"column":null}},"56":{"start":{"line":102,"column":20},"end":{"line":102,"column":null}},"57":{"start":{"line":105,"column":16},"end":{"line":116,"column":null}},"58":{"start":{"line":106,"column":43},"end":{"line":106,"column":null}},"59":{"start":{"line":107,"column":48},"end":{"line":111,"column":null}},"60":{"start":{"line":112,"column":20},"end":{"line":112,"column":null}},"61":{"start":{"line":113,"column":20},"end":{"line":113,"column":null}},"62":{"start":{"line":114,"column":20},"end":{"line":114,"column":null}},"63":{"start":{"line":115,"column":20},"end":{"line":115,"column":null}},"64":{"start":{"line":117,"column":16},"end":{"line":117,"column":null}},"65":{"start":{"line":122,"column":4},"end":{"line":136,"column":null}},"66":{"start":{"line":125,"column":27},"end":{"line":125,"column":null}}},"fnMap":{"0":{"name":"(anonymous_0)","decl":{"start":{"line":8,"column":53},"end":{"line":8,"column":54}},"loc":{"start":{"line":9,"column":114},"end":{"line":138,"column":null}},"line":9},"1":{"name":"(anonymous_1)","decl":{"start":{"line":10,"column":32},"end":{"line":10,"column":39}},"loc":{"start":{"line":10,"column":52},"end":{"line":119,"column":null}},"line":10},"2":{"name":"(anonymous_2)","decl":{"start":{"line":18,"column":37},"end":{"line":18,"column":38}},"loc":{"start":{"line":18,"column":49},"end":{"line":27,"column":null}},"line":18},"3":{"name":"(anonymous_3)","decl":{"start":{"line":37,"column":29},"end":{"line":37,"column":46}},"loc":{"start":{"line":37,"column":46},"end":{"line":43,"column":17}},"line":37},"4":{"name":"(anonymous_4)","decl":{"start":{"line":38,"column":66},"end":{"line":38,"column":81}},"loc":{"start":{"line":38,"column":81},"end":{"line":38,"column":114}},"line":38},"5":{"name":"(anonymous_5)","decl":{"start":{"line":70,"column":29},"end":{"line":70,"column":46}},"loc":{"start":{"line":70,"column":46},"end":{"line":76,"column":17}},"line":70},"6":{"name":"(anonymous_6)","decl":{"start":{"line":71,"column":66},"end":{"line":71,"column":81}},"loc":{"start":{"line":71,"column":81},"end":{"line":71,"column":114}},"line":71},"7":{"name":"(anonymous_7)","decl":{"start":{"line":97,"column":29},"end":{"line":97,"column":46}},"loc":{"start":{"line":97,"column":46},"end":{"line":103,"column":17}},"line":97},"8":{"name":"(anonymous_8)","decl":{"start":{"line":98,"column":66},"end":{"line":98,"column":81}},"loc":{"start":{"line":98,"column":81},"end":{"line":98,"column":114}},"line":98},"9":{"name":"(anonymous_9)","decl":{"start":{"line":125,"column":21},"end":{"line":125,"column":27}},"loc":{"start":{"line":125,"column":27},"end":{"line":125,"column":null}},"line":125}},"branchMap":{"0":{"loc":{"start":{"line":14,"column":8},"end":{"line":118,"column":null}},"type":"switch","locations":[{"start":{"line":15,"column":12},"end":{"line":55,"column":null}},{"start":{"line":57,"column":12},"end":{"line":90,"column":null}},{"start":{"line":93,"column":12},"end":{"line":117,"column":null}}],"line":14},"1":{"loc":{"start":{"line":21,"column":28},"end":{"line":23,"column":null}},"type":"if","locations":[{"start":{"line":21,"column":28},"end":{"line":23,"column":null}},{"start":{},"end":{}}],"line":21},"2":{"loc":{"start":{"line":29,"column":16},"end":{"line":35,"column":null}},"type":"if","locations":[{"start":{"line":29,"column":16},"end":{"line":35,"column":null}},{"start":{"line":32,"column":23},"end":{"line":35,"column":null}}],"line":29},"3":{"loc":{"start":{"line":39,"column":20},"end":{"line":41,"column":null}},"type":"if","locations":[{"start":{"line":39,"column":20},"end":{"line":41,"column":null}},{"start":{},"end":{}}],"line":39},"4":{"loc":{"start":{"line":45,"column":16},"end":{"line":54,"column":null}},"type":"if","locations":[{"start":{"line":45,"column":16},"end":{"line":54,"column":null}},{"start":{},"end":{}}],"line":45},"5":{"loc":{"start":{"line":64,"column":16},"end":{"line":68,"column":null}},"type":"if","locations":[{"start":{"line":64,"column":16},"end":{"line":68,"column":null}},{"start":{"line":66,"column":23},"end":{"line":68,"column":null}}],"line":64},"6":{"loc":{"start":{"line":64,"column":20},"end":{"line":64,"column":62}},"type":"binary-expr","locations":[{"start":{"line":64,"column":20},"end":{"line":64,"column":30}},{"start":{"line":64,"column":30},"end":{"line":64,"column":62}}],"line":64},"7":{"loc":{"start":{"line":72,"column":20},"end":{"line":74,"column":null}},"type":"if","locations":[{"start":{"line":72,"column":20},"end":{"line":74,"column":null}},{"start":{},"end":{}}],"line":72},"8":{"loc":{"start":{"line":78,"column":16},"end":{"line":89,"column":null}},"type":"if","locations":[{"start":{"line":78,"column":16},"end":{"line":89,"column":null}},{"start":{},"end":{}}],"line":78},"9":{"loc":{"start":{"line":99,"column":20},"end":{"line":101,"column":null}},"type":"if","locations":[{"start":{"line":99,"column":20},"end":{"line":101,"column":null}},{"start":{},"end":{}}],"line":99},"10":{"loc":{"start":{"line":105,"column":16},"end":{"line":116,"column":null}},"type":"if","locations":[{"start":{"line":105,"column":16},"end":{"line":116,"column":null}},{"start":{},"end":{}}],"line":105}},"s":{"0":1,"1":0,"2":0,"3":0,"4":0,"5":0,"6":0,"7":0,"8":0,"9":0,"10":0,"11":0,"12":0,"13":0,"14":0,"15":0,"16":0,"17":0,"18":0,"19":0,"20":0,"21":0,"22":0,"23":0,"24":0,"25":0,"26":0,"27":0,"28":0,"29":0,"30":0,"31":0,"32":0,"33":0,"34":0,"35":0,"36":0,"37":0,"38":0,"39":0,"40":0,"41":0,"42":0,"43":0,"44":0,"45":0,"46":0,"47":0,"48":0,"49":0,"50":0,"51":0,"52":0,"53":0,"54":0,"55":0,"56":0,"57":0,"58":0,"59":0,"60":0,"61":0,"62":0,"63":0,"64":0,"65":0,"66":0},"f":{"0":0,"1":0,"2":0,"3":0,"4":0,"5":0,"6":0,"7":0,"8":0,"9":0},"b":{"0":[0,0,0],"1":[0,0],"2":[0,0],"3":[0,0],"4":[0,0],"5":[0,0],"6":[0,0],"7":[0,0],"8":[0,0],"9":[0,0],"10":[0,0]},"meta":{"lastBranch":11,"lastFunction":10,"lastStatement":67,"seen":{"s:8:53:138:Infinity":0,"f:8:53:8:54":0,"s:10:32:119:Infinity":1,"f:10:32:10:39":1,"s:11:23:11:Infinity":2,"b:15:12:55:Infinity:57:12:90:Infinity:93:12:117:Infinity":0,"s:14:8:118:Infinity":3,"s:16:16:16:Infinity":4,"s:18:37:27:Infinity":5,"f:18:37:18:38":2,"s:19:20:25:Infinity":6,"s:20:24:24:Infinity":7,"b:21:28:23:Infinity:undefined:undefined:undefined:undefined":1,"s:21:28:23:Infinity":8,"s:22:32:22:Infinity":9,"s:26:20:26:Infinity":10,"b:29:16:35:Infinity:32:23:35:Infinity":2,"s:29:16:35:Infinity":11,"s:30:20:30:Infinity":12,"s:31:20:31:Infinity":13,"s:33:20:33:Infinity":14,"s:34:20:34:Infinity":15,"s:37:16:43:Infinity":16,"f:37:29:37:46":3,"s:38:45:38:Infinity":17,"f:38:66:38:81":4,"s:38:81:38:114":18,"b:39:20:41:Infinity:undefined:undefined:undefined:undefined":3,"s:39:20:41:Infinity":19,"s:40:24:40:Infinity":20,"s:42:20:42:Infinity":21,"b:45:16:54:Infinity:undefined:undefined:undefined:undefined":4,"s:45:16:54:Infinity":22,"s:46:43:46:Infinity":23,"s:47:49:51:Infinity":24,"s:52:20:52:Infinity":25,"s:53:20:53:Infinity":26,"s:55:16:55:Infinity":27,"s:58:16:58:Infinity":28,"s:59:16:59:Infinity":29,"s:60:16:60:Infinity":30,"s:61:16:61:Infinity":31,"b:64:16:68:Infinity:66:23:68:Infinity":5,"s:64:16:68:Infinity":32,"b:64:20:64:30:64:30:64:62":6,"s:65:20:65:Infinity":33,"s:67:20:67:Infinity":34,"s:70:16:76:Infinity":35,"f:70:29:70:46":5,"s:71:45:71:Infinity":36,"f:71:66:71:81":6,"s:71:81:71:114":37,"b:72:20:74:Infinity:undefined:undefined:undefined:undefined":7,"s:72:20:74:Infinity":38,"s:73:24:73:Infinity":39,"s:75:20:75:Infinity":40,"b:78:16:89:Infinity:undefined:undefined:undefined:undefined":8,"s:78:16:89:Infinity":41,"s:79:43:79:Infinity":42,"s:80:58:84:Infinity":43,"s:85:20:85:Infinity":44,"s:86:20:86:Infinity":45,"s:87:20:87:Infinity":46,"s:88:20:88:Infinity":47,"s:90:16:90:Infinity":48,"s:94:16:94:Infinity":49,"s:95:16:95:Infinity":50,"s:97:16:103:Infinity":51,"f:97:29:97:46":7,"s:98:45:98:Infinity":52,"f:98:66:98:81":8,"s:98:81:98:114":53,"b:99:20:101:Infinity:undefined:undefined:undefined:undefined":9,"s:99:20:101:Infinity":54,"s:100:24:100:Infinity":55,"s:102:20:102:Infinity":56,"b:105:16:116:Infinity:undefined:undefined:undefined:undefined":10,"s:105:16:116:Infinity":57,"s:106:43:106:Infinity":58,"s:107:48:111:Infinity":59,"s:112:20:112:Infinity":60,"s:113:20:113:Infinity":61,"s:114:20:114:Infinity":62,"s:115:20:115:Infinity":63,"s:117:16:117:Infinity":64,"s:122:4:136:Infinity":65,"f:125:21:125:27":9,"s:125:27:125:Infinity":66}}}
,"C:\\Users\\Dejan Bokonjic\\OneDrive - Univerza v Mariboru\\Namizje\\NALOGERIRS\\gazeProReact\\src\\components\\InUseComponents\\Buttons\\ManualInput.tsx": {"path":"C:\\Users\\Dejan Bokonjic\\OneDrive - Univerza v Mariboru\\Namizje\\NALOGERIRS\\gazeProReact\\src\\components\\InUseComponents\\Buttons\\ManualInput.tsx","statementMap":{"0":{"start":{"line":4,"column":33},"end":{"line":65,"column":null}},"1":{"start":{"line":5,"column":35},"end":{"line":52,"column":null}},"2":{"start":{"line":7,"column":38},"end":{"line":13,"column":null}},"3":{"start":{"line":15,"column":47},"end":{"line":21,"column":null}},"4":{"start":{"line":22,"column":33},"end":{"line":29,"column":null}},"5":{"start":{"line":30,"column":8},"end":{"line":51,"column":null}},"6":{"start":{"line":32,"column":16},"end":{"line":36,"column":null}},"7":{"start":{"line":33,"column":44},"end":{"line":33,"column":null}},"8":{"start":{"line":34,"column":20},"end":{"line":34,"column":null}},"9":{"start":{"line":35,"column":20},"end":{"line":35,"column":null}},"10":{"start":{"line":37,"column":16},"end":{"line":37,"column":null}},"11":{"start":{"line":39,"column":16},"end":{"line":43,"column":null}},"12":{"start":{"line":40,"column":44},"end":{"line":40,"column":null}},"13":{"start":{"line":41,"column":20},"end":{"line":41,"column":null}},"14":{"start":{"line":42,"column":20},"end":{"line":42,"column":null}},"15":{"start":{"line":44,"column":16},"end":{"line":44,"column":null}},"16":{"start":{"line":46,"column":16},"end":{"line":50,"column":null}},"17":{"start":{"line":47,"column":44},"end":{"line":47,"column":null}},"18":{"start":{"line":48,"column":20},"end":{"line":48,"column":null}},"19":{"start":{"line":49,"column":20},"end":{"line":49,"column":null}},"20":{"start":{"line":55,"column":4},"end":{"line":63,"column":null}},"21":{"start":{"line":57,"column":27},"end":{"line":57,"column":null}}},"fnMap":{"0":{"name":"(anonymous_0)","decl":{"start":{"line":4,"column":33},"end":{"line":4,"column":34}},"loc":{"start":{"line":4,"column":77},"end":{"line":65,"column":null}},"line":4},"1":{"name":"(anonymous_1)","decl":{"start":{"line":5,"column":35},"end":{"line":5,"column":36}},"loc":{"start":{"line":5,"column":49},"end":{"line":52,"column":null}},"line":5},"2":{"name":"(anonymous_2)","decl":{"start":{"line":32,"column":28},"end":{"line":32,"column":29}},"loc":{"start":{"line":32,"column":46},"end":{"line":36,"column":17}},"line":32},"3":{"name":"(anonymous_3)","decl":{"start":{"line":39,"column":28},"end":{"line":39,"column":29}},"loc":{"start":{"line":39,"column":46},"end":{"line":43,"column":17}},"line":39},"4":{"name":"(anonymous_4)","decl":{"start":{"line":46,"column":28},"end":{"line":46,"column":29}},"loc":{"start":{"line":46,"column":46},"end":{"line":50,"column":17}},"line":46},"5":{"name":"(anonymous_5)","decl":{"start":{"line":57,"column":21},"end":{"line":57,"column":27}},"loc":{"start":{"line":57,"column":27},"end":{"line":57,"column":null}},"line":57}},"branchMap":{"0":{"loc":{"start":{"line":30,"column":8},"end":{"line":51,"column":null}},"type":"switch","locations":[{"start":{"line":31,"column":12},"end":{"line":37,"column":null}},{"start":{"line":38,"column":12},"end":{"line":44,"column":null}},{"start":{"line":45,"column":12},"end":{"line":50,"column":null}}],"line":30}},"s":{"0":1,"1":0,"2":0,"3":0,"4":0,"5":0,"6":0,"7":0,"8":0,"9":0,"10":0,"11":0,"12":0,"13":0,"14":0,"15":0,"16":0,"17":0,"18":0,"19":0,"20":0,"21":0},"f":{"0":0,"1":0,"2":0,"3":0,"4":0,"5":0},"b":{"0":[0,0,0]},"meta":{"lastBranch":1,"lastFunction":6,"lastStatement":22,"seen":{"s:4:33:65:Infinity":0,"f:4:33:4:34":0,"s:5:35:52:Infinity":1,"f:5:35:5:36":1,"s:7:38:13:Infinity":2,"s:15:47:21:Infinity":3,"s:22:33:29:Infinity":4,"b:31:12:37:Infinity:38:12:44:Infinity:45:12:50:Infinity":0,"s:30:8:51:Infinity":5,"s:32:16:36:Infinity":6,"f:32:28:32:29":2,"s:33:44:33:Infinity":7,"s:34:20:34:Infinity":8,"s:35:20:35:Infinity":9,"s:37:16:37:Infinity":10,"s:39:16:43:Infinity":11,"f:39:28:39:29":3,"s:40:44:40:Infinity":12,"s:41:20:41:Infinity":13,"s:42:20:42:Infinity":14,"s:44:16:44:Infinity":15,"s:46:16:50:Infinity":16,"f:46:28:46:29":4,"s:47:44:47:Infinity":17,"s:48:20:48:Infinity":18,"s:49:20:49:Infinity":19,"s:55:4:63:Infinity":20,"f:57:21:57:27":5,"s:57:27:57:Infinity":21}}}
}
